<?xml version="1.0" encoding="UTF-8"?>
<testsuite xmlns:xsi="http://www.w3.org/2001/XMLSchema-instance" xsi:noNamespaceSchemaLocation="https://maven.apache.org/surefire/maven-surefire-plugin/xsd/surefire-test-report-3.0.xsd" version="3.0" name="Home page validation" time="229.176" tests="31" errors="0" skipped="0" failures="0">
  <properties>
    <property name="java.specification.version" value="17"/>
    <property name="webdriver.chrome.driver" value="C:\Users\pavit\.cache\selenium\chromedriver\win64\130.0.6723.91\chromedriver.exe"/>
    <property name="sun.cpu.isalist" value="amd64"/>
    <property name="sun.jnu.encoding" value="Cp1252"/>
    <property name="java.class.path" value="C:\Users\pavit\eclipse-workspace\project\target\test-classes;C:\Users\pavit\eclipse-workspace\project\target\classes;C:\Users\pavit\.m2\repository\io\github\bonigarcia\webdrivermanager\5.9.2\webdrivermanager-5.9.2.jar;C:\Users\pavit\.m2\repository\com\google\code\gson\gson\2.11.0\gson-2.11.0.jar;C:\Users\pavit\.m2\repository\com\google\errorprone\error_prone_annotations\2.27.0\error_prone_annotations-2.27.0.jar;C:\Users\pavit\.m2\repository\com\github\docker-java\docker-java\3.4.0\docker-java-3.4.0.jar;C:\Users\pavit\.m2\repository\com\github\docker-java\docker-java-core\3.4.0\docker-java-core-3.4.0.jar;C:\Users\pavit\.m2\repository\com\github\docker-java\docker-java-api\3.4.0\docker-java-api-3.4.0.jar;C:\Users\pavit\.m2\repository\com\github\docker-java\docker-java-transport-httpclient5\3.4.0\docker-java-transport-httpclient5-3.4.0.jar;C:\Users\pavit\.m2\repository\com\github\docker-java\docker-java-transport\3.4.0\docker-java-transport-3.4.0.jar;C:\Users\pavit\.m2\repository\net\java\dev\jna\jna\5.13.0\jna-5.13.0.jar;C:\Users\pavit\.m2\repository\org\brotli\dec\0.1.2\dec-0.1.2.jar;C:\Users\pavit\.m2\repository\org\apache\commons\commons-lang3\3.15.0\commons-lang3-3.15.0.jar;C:\Users\pavit\.m2\repository\org\apache\commons\commons-compress\1.26.2\commons-compress-1.26.2.jar;C:\Users\pavit\.m2\repository\org\apache\httpcomponents\client5\httpclient5\5.2.1\httpclient5-5.2.1.jar;C:\Users\pavit\.m2\repository\org\apache\httpcomponents\core5\httpcore5\5.2\httpcore5-5.2.jar;C:\Users\pavit\.m2\repository\org\apache\httpcomponents\core5\httpcore5-h2\5.2\httpcore5-h2-5.2.jar;C:\Users\pavit\.m2\repository\tech\grasshopper\extentreports-cucumber7-adapter\1.14.0\extentreports-cucumber7-adapter-1.14.0.jar;C:\Users\pavit\.m2\repository\tech\grasshopper\extent-pdf-report\2.12.0\extent-pdf-report-2.12.0.jar;C:\Users\pavit\.m2\repository\tech\grasshopper\cucumber-pdf-report\2.14.0\cucumber-pdf-report-2.14.0.jar;C:\Users\pavit\.m2\repository\org\apache\pdfbox\pdfbox\2.0.26\pdfbox-2.0.26.jar;C:\Users\pavit\.m2\repository\org\apache\pdfbox\fontbox\2.0.26\fontbox-2.0.26.jar;C:\Users\pavit\.m2\repository\org\knowm\xchart\xchart\3.8.0\xchart-3.8.0.jar;C:\Users\pavit\.m2\repository\de\erichseifert\vectorgraphics2d\VectorGraphics2D\0.13\VectorGraphics2D-0.13.jar;C:\Users\pavit\.m2\repository\de\rototor\pdfbox\graphics2d\0.30\graphics2d-0.30.jar;C:\Users\pavit\.m2\repository\com\madgag\animated-gif-lib\1.4\animated-gif-lib-1.4.jar;C:\Users\pavit\.m2\repository\tech\grasshopper\table-layout\1.5.1\table-layout-1.5.1.jar;C:\Users\pavit\.m2\repository\tech\grasshopper\rest-assured-cucumber-pdf-report\1.5.0\rest-assured-cucumber-pdf-report-1.5.0.jar;C:\Users\pavit\.m2\repository\com\aventstack\klov-reporter\5.1.0\klov-reporter-5.1.0.jar;C:\Users\pavit\.m2\repository\org\mongodb\mongodb-driver\3.6.4\mongodb-driver-3.6.4.jar;C:\Users\pavit\.m2\repository\org\mongodb\mongodb-driver-core\3.6.4\mongodb-driver-core-3.6.4.jar;C:\Users\pavit\.m2\repository\org\mongodb\bson\3.6.4\bson-3.6.4.jar;C:\Users\pavit\.m2\repository\org\apache\httpcomponents\httpclient\4.5.13\httpclient-4.5.13.jar;C:\Users\pavit\.m2\repository\org\apache\httpcomponents\httpcore\4.4.13\httpcore-4.4.13.jar;C:\Users\pavit\.m2\repository\commons-logging\commons-logging\1.2\commons-logging-1.2.jar;C:\Users\pavit\.m2\repository\org\apache\httpcomponents\httpmime\4.5.13\httpmime-4.5.13.jar;C:\Users\pavit\.m2\repository\tech\grasshopper\htmlextentreporter\1.1.0\htmlextentreporter-1.1.0.jar;C:\Users\pavit\.m2\repository\tech\grasshopper\extent-excel-report\1.4.0\extent-excel-report-1.4.0.jar;C:\Users\pavit\.m2\repository\io\codearte\jfairy\jfairy\0.5.9\jfairy-0.5.9.jar;C:\Users\pavit\.m2\repository\org\apache\commons\commons-math3\3.6.1\commons-math3-3.6.1.jar;C:\Users\pavit\.m2\repository\org\yaml\snakeyaml\1.18\snakeyaml-1.18.jar;C:\Users\pavit\.m2\repository\com\google\guava\guava\20.0\guava-20.0.jar;C:\Users\pavit\.m2\repository\com\google\inject\extensions\guice-assistedinject\4.1.0\guice-assistedinject-4.1.0.jar;C:\Users\pavit\.m2\repository\joda-time\joda-time\2.9.9\joda-time-2.9.9.jar;C:\Users\pavit\.m2\repository\org\reflections\reflections\0.9.11\reflections-0.9.11.jar;C:\Users\pavit\.m2\repository\org\javassist\javassist\3.21.0-GA\javassist-3.21.0-GA.jar;C:\Users\pavit\.m2\repository\org\iban4j\iban4j\3.2.1\iban4j-3.2.1.jar;C:\Users\pavit\.m2\repository\com\google\inject\guice\4.1.0\guice-4.1.0.jar;C:\Users\pavit\.m2\repository\javax\inject\javax.inject\1\javax.inject-1.jar;C:\Users\pavit\.m2\repository\aopalliance\aopalliance\1.0\aopalliance-1.0.jar;C:\Users\pavit\.m2\repository\org\apache\logging\log4j\log4j-api\2.24.0\log4j-api-2.24.0.jar;C:\Users\pavit\.m2\repository\org\apache\logging\log4j\log4j-core\2.24.0\log4j-core-2.24.0.jar;C:\Users\pavit\.m2\repository\io\cucumber\cucumber-java\7.20.1\cucumber-java-7.20.1.jar;C:\Users\pavit\.m2\repository\org\apiguardian\apiguardian-api\1.1.2\apiguardian-api-1.1.2.jar;C:\Users\pavit\.m2\repository\io\cucumber\cucumber-junit\7.20.1\cucumber-junit-7.20.1.jar;C:\Users\pavit\.m2\repository\junit\junit\4.13.2\junit-4.13.2.jar;C:\Users\pavit\.m2\repository\org\hamcrest\hamcrest-core\1.3\hamcrest-core-1.3.jar;C:\Users\pavit\.m2\repository\io\cucumber\cucumber-core\7.20.1\cucumber-core-7.20.1.jar;C:\Users\pavit\.m2\repository\io\cucumber\cucumber-gherkin\7.20.1\cucumber-gherkin-7.20.1.jar;C:\Users\pavit\.m2\repository\io\cucumber\cucumber-gherkin-messages\7.20.1\cucumber-gherkin-messages-7.20.1.jar;C:\Users\pavit\.m2\repository\io\cucumber\messages\24.1.0\messages-24.1.0.jar;C:\Users\pavit\.m2\repository\io\cucumber\testng-xml-formatter\0.2.0\testng-xml-formatter-0.2.0.jar;C:\Users\pavit\.m2\repository\io\cucumber\query\12.2.0\query-12.2.0.jar;C:\Users\pavit\.m2\repository\io\cucumber\tag-expressions\6.1.0\tag-expressions-6.1.0.jar;C:\Users\pavit\.m2\repository\io\cucumber\cucumber-expressions\17.1.0\cucumber-expressions-17.1.0.jar;C:\Users\pavit\.m2\repository\io\cucumber\datatable\7.20.1\datatable-7.20.1.jar;C:\Users\pavit\.m2\repository\io\cucumber\cucumber-plugin\7.20.1\cucumber-plugin-7.20.1.jar;C:\Users\pavit\.m2\repository\io\cucumber\docstring\7.20.1\docstring-7.20.1.jar;C:\Users\pavit\.m2\repository\io\cucumber\html-formatter\21.7.0\html-formatter-21.7.0.jar;C:\Users\pavit\.m2\repository\io\cucumber\junit-xml-formatter\0.5.0\junit-xml-formatter-0.5.0.jar;C:\Users\pavit\.m2\repository\io\cucumber\ci-environment\10.0.1\ci-environment-10.0.1.jar;C:\Users\pavit\.m2\repository\org\seleniumhq\selenium\selenium-java\4.25.0\selenium-java-4.25.0.jar;C:\Users\pavit\.m2\repository\org\seleniumhq\selenium\selenium-api\4.25.0\selenium-api-4.25.0.jar;C:\Users\pavit\.m2\repository\org\jspecify\jspecify\1.0.0\jspecify-1.0.0.jar;C:\Users\pavit\.m2\repository\org\seleniumhq\selenium\selenium-chrome-driver\4.25.0\selenium-chrome-driver-4.25.0.jar;C:\Users\pavit\.m2\repository\com\google\auto\service\auto-service-annotations\1.1.1\auto-service-annotations-1.1.1.jar;C:\Users\pavit\.m2\repository\org\seleniumhq\selenium\selenium-chromium-driver\4.25.0\selenium-chromium-driver-4.25.0.jar;C:\Users\pavit\.m2\repository\org\seleniumhq\selenium\selenium-json\4.25.0\selenium-json-4.25.0.jar;C:\Users\pavit\.m2\repository\org\seleniumhq\selenium\selenium-manager\4.25.0\selenium-manager-4.25.0.jar;C:\Users\pavit\.m2\repository\org\seleniumhq\selenium\selenium-devtools-v127\4.25.0\selenium-devtools-v127-4.25.0.jar;C:\Users\pavit\.m2\repository\org\seleniumhq\selenium\selenium-devtools-v128\4.25.0\selenium-devtools-v128-4.25.0.jar;C:\Users\pavit\.m2\repository\org\seleniumhq\selenium\selenium-devtools-v129\4.25.0\selenium-devtools-v129-4.25.0.jar;C:\Users\pavit\.m2\repository\org\seleniumhq\selenium\selenium-devtools-v85\4.25.0\selenium-devtools-v85-4.25.0.jar;C:\Users\pavit\.m2\repository\org\seleniumhq\selenium\selenium-edge-driver\4.25.0\selenium-edge-driver-4.25.0.jar;C:\Users\pavit\.m2\repository\org\seleniumhq\selenium\selenium-firefox-driver\4.25.0\selenium-firefox-driver-4.25.0.jar;C:\Users\pavit\.m2\repository\org\seleniumhq\selenium\selenium-http\4.25.0\selenium-http-4.25.0.jar;C:\Users\pavit\.m2\repository\dev\failsafe\failsafe\3.3.2\failsafe-3.3.2.jar;C:\Users\pavit\.m2\repository\org\seleniumhq\selenium\selenium-ie-driver\4.25.0\selenium-ie-driver-4.25.0.jar;C:\Users\pavit\.m2\repository\org\seleniumhq\selenium\selenium-remote-driver\4.25.0\selenium-remote-driver-4.25.0.jar;C:\Users\pavit\.m2\repository\io\opentelemetry\semconv\opentelemetry-semconv\1.25.0-alpha\opentelemetry-semconv-1.25.0-alpha.jar;C:\Users\pavit\.m2\repository\io\opentelemetry\opentelemetry-api\1.42.1\opentelemetry-api-1.42.1.jar;C:\Users\pavit\.m2\repository\io\opentelemetry\opentelemetry-context\1.42.1\opentelemetry-context-1.42.1.jar;C:\Users\pavit\.m2\repository\io\opentelemetry\opentelemetry-exporter-logging\1.42.1\opentelemetry-exporter-logging-1.42.1.jar;C:\Users\pavit\.m2\repository\io\opentelemetry\opentelemetry-sdk-common\1.42.1\opentelemetry-sdk-common-1.42.1.jar;C:\Users\pavit\.m2\repository\io\opentelemetry\opentelemetry-sdk-extension-autoconfigure-spi\1.42.1\opentelemetry-sdk-extension-autoconfigure-spi-1.42.1.jar;C:\Users\pavit\.m2\repository\io\opentelemetry\opentelemetry-sdk-extension-autoconfigure\1.42.1\opentelemetry-sdk-extension-autoconfigure-1.42.1.jar;C:\Users\pavit\.m2\repository\io\opentelemetry\opentelemetry-api-incubator\1.42.1-alpha\opentelemetry-api-incubator-1.42.1-alpha.jar;C:\Users\pavit\.m2\repository\io\opentelemetry\opentelemetry-sdk-trace\1.42.1\opentelemetry-sdk-trace-1.42.1.jar;C:\Users\pavit\.m2\repository\io\opentelemetry\opentelemetry-sdk\1.42.1\opentelemetry-sdk-1.42.1.jar;C:\Users\pavit\.m2\repository\io\opentelemetry\opentelemetry-sdk-metrics\1.42.1\opentelemetry-sdk-metrics-1.42.1.jar;C:\Users\pavit\.m2\repository\io\opentelemetry\opentelemetry-sdk-logs\1.42.1\opentelemetry-sdk-logs-1.42.1.jar;C:\Users\pavit\.m2\repository\net\bytebuddy\byte-buddy\1.15.1\byte-buddy-1.15.1.jar;C:\Users\pavit\.m2\repository\org\seleniumhq\selenium\selenium-os\4.25.0\selenium-os-4.25.0.jar;C:\Users\pavit\.m2\repository\org\apache\commons\commons-exec\1.4.0\commons-exec-1.4.0.jar;C:\Users\pavit\.m2\repository\org\seleniumhq\selenium\selenium-safari-driver\4.25.0\selenium-safari-driver-4.25.0.jar;C:\Users\pavit\.m2\repository\org\seleniumhq\selenium\selenium-support\4.25.0\selenium-support-4.25.0.jar;C:\Users\pavit\.m2\repository\org\testng\testng\7.10.2\testng-7.10.2.jar;C:\Users\pavit\.m2\repository\com\beust\jcommander\1.82\jcommander-1.82.jar;C:\Users\pavit\.m2\repository\org\webjars\jquery\3.7.1\jquery-3.7.1.jar;C:\Users\pavit\.m2\repository\io\cucumber\cucumber-html\0.2.7\cucumber-html-0.2.7.jar;C:\Users\pavit\.m2\repository\io\cucumber\gherkin\29.0.0\gherkin-29.0.0.jar;C:\Users\pavit\.m2\repository\org\hamcrest\hamcrest\3.0\hamcrest-3.0.jar;C:\Users\pavit\.m2\repository\net\masterthought\cucumber-reporting\5.8.2\cucumber-reporting-5.8.2.jar;C:\Users\pavit\.m2\repository\com\fasterxml\jackson\core\jackson-databind\2.17.0\jackson-databind-2.17.0.jar;C:\Users\pavit\.m2\repository\com\fasterxml\jackson\core\jackson-annotations\2.17.0\jackson-annotations-2.17.0.jar;C:\Users\pavit\.m2\repository\com\fasterxml\jackson\core\jackson-core\2.17.0\jackson-core-2.17.0.jar;C:\Users\pavit\.m2\repository\com\fasterxml\jackson\datatype\jackson-datatype-jsr310\2.17.0\jackson-datatype-jsr310-2.17.0.jar;C:\Users\pavit\.m2\repository\org\apache\velocity\velocity-engine-core\2.3\velocity-engine-core-2.3.jar;C:\Users\pavit\.m2\repository\org\apache\commons\commons-configuration2\2.10.1\commons-configuration2-2.10.1.jar;C:\Users\pavit\.m2\repository\commons-io\commons-io\2.16.1\commons-io-2.16.1.jar;C:\Users\pavit\.m2\repository\org\apache\commons\commons-text\1.11.0\commons-text-1.11.0.jar;C:\Users\pavit\.m2\repository\org\jsoup\jsoup\1.17.2\jsoup-1.17.2.jar;C:\Users\pavit\.m2\repository\com\googlecode\owasp-java-html-sanitizer\owasp-java-html-sanitizer\20240325.1\owasp-java-html-sanitizer-20240325.1.jar;C:\Users\pavit\.m2\repository\com\googlecode\owasp-java-html-sanitizer\java8-shim\20240325.1\java8-shim-20240325.1.jar;C:\Users\pavit\.m2\repository\com\googlecode\owasp-java-html-sanitizer\java10-shim\20240325.1\java10-shim-20240325.1.jar;C:\Users\pavit\.m2\repository\org\slf4j\jcl-over-slf4j\2.0.13\jcl-over-slf4j-2.0.13.jar;C:\Users\pavit\.m2\repository\io\cucumber\cucumber-jvm-deps\1.0.6\cucumber-jvm-deps-1.0.6.jar;C:\Users\pavit\.m2\repository\org\slf4j\slf4j-api\2.0.7\slf4j-api-2.0.7.jar;C:\Users\pavit\.m2\repository\org\slf4j\slf4j-simple\2.0.7\slf4j-simple-2.0.7.jar;C:\Users\pavit\.m2\repository\org\apache\commons\commons-email\1.6.0\commons-email-1.6.0.jar;C:\Users\pavit\.m2\repository\com\sun\mail\jakarta.mail\1.6.7\jakarta.mail-1.6.7.jar;C:\Users\pavit\.m2\repository\com\sun\activation\jakarta.activation\1.2.1\jakarta.activation-1.2.1.jar;C:\Users\pavit\.m2\repository\org\apache\poi\poi\5.3.0\poi-5.3.0.jar;C:\Users\pavit\.m2\repository\commons-codec\commons-codec\1.17.0\commons-codec-1.17.0.jar;C:\Users\pavit\.m2\repository\org\apache\commons\commons-collections4\4.4\commons-collections4-4.4.jar;C:\Users\pavit\.m2\repository\com\zaxxer\SparseBitSet\1.3\SparseBitSet-1.3.jar;C:\Users\pavit\.m2\repository\org\apache\poi\poi-ooxml\5.3.0\poi-ooxml-5.3.0.jar;C:\Users\pavit\.m2\repository\org\apache\poi\poi-ooxml-lite\5.3.0\poi-ooxml-lite-5.3.0.jar;C:\Users\pavit\.m2\repository\org\apache\xmlbeans\xmlbeans\5.2.1\xmlbeans-5.2.1.jar;C:\Users\pavit\.m2\repository\com\github\virtuald\curvesapi\1.08\curvesapi-1.08.jar;C:\Users\pavit\.m2\repository\com\aventstack\extentreports\5.1.2\extentreports-5.1.2.jar;C:\Users\pavit\.m2\repository\io\reactivex\rxjava3\rxjava\3.1.6\rxjava-3.1.6.jar;C:\Users\pavit\.m2\repository\org\reactivestreams\reactive-streams\1.0.4\reactive-streams-1.0.4.jar;C:\Users\pavit\.m2\repository\org\freemarker\freemarker\2.3.32\freemarker-2.3.32.jar;C:\Users\pavit\.m2\repository\org\projectlombok\lombok\1.18.26\lombok-1.18.26.jar;C:\Users\pavit\.m2\repository\io\qameta\allure\allure-cucumber7-jvm\2.29.0\allure-cucumber7-jvm-2.29.0.jar;C:\Users\pavit\.m2\repository\io\qameta\allure\allure-java-commons\2.29.0\allure-java-commons-2.29.0.jar;C:\Users\pavit\.m2\repository\io\qameta\allure\allure-model\2.29.0\allure-model-2.29.0.jar;"/>
    <property name="java.vm.vendor" value="Oracle Corporation"/>
    <property name="sun.arch.data.model" value="64"/>
    <property name="user.variant" value=""/>
    <property name="java.vendor.url" value="https://java.oracle.com/"/>
    <property name="user.timezone" value="America/Chicago"/>
    <property name="os.name" value="Windows 11"/>
    <property name="java.vm.specification.version" value="17"/>
    <property name="sun.java.launcher" value="SUN_STANDARD"/>
    <property name="user.country" value="US"/>
    <property name="sun.boot.library.path" value="C:\Program Files\Java\jdk-17\bin"/>
    <property name="sun.java.command" value="C:\Users\pavit\AppData\Local\Temp\surefire4016856387319094360\surefirebooter8364121832171551991.jar C:\Users\pavit\AppData\Local\Temp\surefire4016856387319094360 2024-10-30T10-12-27_003-jvmRun1 surefire13270713806167697881tmp surefire_012335773766168395477tmp"/>
    <property name="jdk.debug" value="release"/>
    <property name="surefire.test.class.path" value="C:\Users\pavit\eclipse-workspace\project\target\test-classes;C:\Users\pavit\eclipse-workspace\project\target\classes;C:\Users\pavit\.m2\repository\io\github\bonigarcia\webdrivermanager\5.9.2\webdrivermanager-5.9.2.jar;C:\Users\pavit\.m2\repository\com\google\code\gson\gson\2.11.0\gson-2.11.0.jar;C:\Users\pavit\.m2\repository\com\google\errorprone\error_prone_annotations\2.27.0\error_prone_annotations-2.27.0.jar;C:\Users\pavit\.m2\repository\com\github\docker-java\docker-java\3.4.0\docker-java-3.4.0.jar;C:\Users\pavit\.m2\repository\com\github\docker-java\docker-java-core\3.4.0\docker-java-core-3.4.0.jar;C:\Users\pavit\.m2\repository\com\github\docker-java\docker-java-api\3.4.0\docker-java-api-3.4.0.jar;C:\Users\pavit\.m2\repository\com\github\docker-java\docker-java-transport-httpclient5\3.4.0\docker-java-transport-httpclient5-3.4.0.jar;C:\Users\pavit\.m2\repository\com\github\docker-java\docker-java-transport\3.4.0\docker-java-transport-3.4.0.jar;C:\Users\pavit\.m2\repository\net\java\dev\jna\jna\5.13.0\jna-5.13.0.jar;C:\Users\pavit\.m2\repository\org\brotli\dec\0.1.2\dec-0.1.2.jar;C:\Users\pavit\.m2\repository\org\apache\commons\commons-lang3\3.15.0\commons-lang3-3.15.0.jar;C:\Users\pavit\.m2\repository\org\apache\commons\commons-compress\1.26.2\commons-compress-1.26.2.jar;C:\Users\pavit\.m2\repository\org\apache\httpcomponents\client5\httpclient5\5.2.1\httpclient5-5.2.1.jar;C:\Users\pavit\.m2\repository\org\apache\httpcomponents\core5\httpcore5\5.2\httpcore5-5.2.jar;C:\Users\pavit\.m2\repository\org\apache\httpcomponents\core5\httpcore5-h2\5.2\httpcore5-h2-5.2.jar;C:\Users\pavit\.m2\repository\tech\grasshopper\extentreports-cucumber7-adapter\1.14.0\extentreports-cucumber7-adapter-1.14.0.jar;C:\Users\pavit\.m2\repository\tech\grasshopper\extent-pdf-report\2.12.0\extent-pdf-report-2.12.0.jar;C:\Users\pavit\.m2\repository\tech\grasshopper\cucumber-pdf-report\2.14.0\cucumber-pdf-report-2.14.0.jar;C:\Users\pavit\.m2\repository\org\apache\pdfbox\pdfbox\2.0.26\pdfbox-2.0.26.jar;C:\Users\pavit\.m2\repository\org\apache\pdfbox\fontbox\2.0.26\fontbox-2.0.26.jar;C:\Users\pavit\.m2\repository\org\knowm\xchart\xchart\3.8.0\xchart-3.8.0.jar;C:\Users\pavit\.m2\repository\de\erichseifert\vectorgraphics2d\VectorGraphics2D\0.13\VectorGraphics2D-0.13.jar;C:\Users\pavit\.m2\repository\de\rototor\pdfbox\graphics2d\0.30\graphics2d-0.30.jar;C:\Users\pavit\.m2\repository\com\madgag\animated-gif-lib\1.4\animated-gif-lib-1.4.jar;C:\Users\pavit\.m2\repository\tech\grasshopper\table-layout\1.5.1\table-layout-1.5.1.jar;C:\Users\pavit\.m2\repository\tech\grasshopper\rest-assured-cucumber-pdf-report\1.5.0\rest-assured-cucumber-pdf-report-1.5.0.jar;C:\Users\pavit\.m2\repository\com\aventstack\klov-reporter\5.1.0\klov-reporter-5.1.0.jar;C:\Users\pavit\.m2\repository\org\mongodb\mongodb-driver\3.6.4\mongodb-driver-3.6.4.jar;C:\Users\pavit\.m2\repository\org\mongodb\mongodb-driver-core\3.6.4\mongodb-driver-core-3.6.4.jar;C:\Users\pavit\.m2\repository\org\mongodb\bson\3.6.4\bson-3.6.4.jar;C:\Users\pavit\.m2\repository\org\apache\httpcomponents\httpclient\4.5.13\httpclient-4.5.13.jar;C:\Users\pavit\.m2\repository\org\apache\httpcomponents\httpcore\4.4.13\httpcore-4.4.13.jar;C:\Users\pavit\.m2\repository\commons-logging\commons-logging\1.2\commons-logging-1.2.jar;C:\Users\pavit\.m2\repository\org\apache\httpcomponents\httpmime\4.5.13\httpmime-4.5.13.jar;C:\Users\pavit\.m2\repository\tech\grasshopper\htmlextentreporter\1.1.0\htmlextentreporter-1.1.0.jar;C:\Users\pavit\.m2\repository\tech\grasshopper\extent-excel-report\1.4.0\extent-excel-report-1.4.0.jar;C:\Users\pavit\.m2\repository\io\codearte\jfairy\jfairy\0.5.9\jfairy-0.5.9.jar;C:\Users\pavit\.m2\repository\org\apache\commons\commons-math3\3.6.1\commons-math3-3.6.1.jar;C:\Users\pavit\.m2\repository\org\yaml\snakeyaml\1.18\snakeyaml-1.18.jar;C:\Users\pavit\.m2\repository\com\google\guava\guava\20.0\guava-20.0.jar;C:\Users\pavit\.m2\repository\com\google\inject\extensions\guice-assistedinject\4.1.0\guice-assistedinject-4.1.0.jar;C:\Users\pavit\.m2\repository\joda-time\joda-time\2.9.9\joda-time-2.9.9.jar;C:\Users\pavit\.m2\repository\org\reflections\reflections\0.9.11\reflections-0.9.11.jar;C:\Users\pavit\.m2\repository\org\javassist\javassist\3.21.0-GA\javassist-3.21.0-GA.jar;C:\Users\pavit\.m2\repository\org\iban4j\iban4j\3.2.1\iban4j-3.2.1.jar;C:\Users\pavit\.m2\repository\com\google\inject\guice\4.1.0\guice-4.1.0.jar;C:\Users\pavit\.m2\repository\javax\inject\javax.inject\1\javax.inject-1.jar;C:\Users\pavit\.m2\repository\aopalliance\aopalliance\1.0\aopalliance-1.0.jar;C:\Users\pavit\.m2\repository\org\apache\logging\log4j\log4j-api\2.24.0\log4j-api-2.24.0.jar;C:\Users\pavit\.m2\repository\org\apache\logging\log4j\log4j-core\2.24.0\log4j-core-2.24.0.jar;C:\Users\pavit\.m2\repository\io\cucumber\cucumber-java\7.20.1\cucumber-java-7.20.1.jar;C:\Users\pavit\.m2\repository\org\apiguardian\apiguardian-api\1.1.2\apiguardian-api-1.1.2.jar;C:\Users\pavit\.m2\repository\io\cucumber\cucumber-junit\7.20.1\cucumber-junit-7.20.1.jar;C:\Users\pavit\.m2\repository\junit\junit\4.13.2\junit-4.13.2.jar;C:\Users\pavit\.m2\repository\org\hamcrest\hamcrest-core\1.3\hamcrest-core-1.3.jar;C:\Users\pavit\.m2\repository\io\cucumber\cucumber-core\7.20.1\cucumber-core-7.20.1.jar;C:\Users\pavit\.m2\repository\io\cucumber\cucumber-gherkin\7.20.1\cucumber-gherkin-7.20.1.jar;C:\Users\pavit\.m2\repository\io\cucumber\cucumber-gherkin-messages\7.20.1\cucumber-gherkin-messages-7.20.1.jar;C:\Users\pavit\.m2\repository\io\cucumber\messages\24.1.0\messages-24.1.0.jar;C:\Users\pavit\.m2\repository\io\cucumber\testng-xml-formatter\0.2.0\testng-xml-formatter-0.2.0.jar;C:\Users\pavit\.m2\repository\io\cucumber\query\12.2.0\query-12.2.0.jar;C:\Users\pavit\.m2\repository\io\cucumber\tag-expressions\6.1.0\tag-expressions-6.1.0.jar;C:\Users\pavit\.m2\repository\io\cucumber\cucumber-expressions\17.1.0\cucumber-expressions-17.1.0.jar;C:\Users\pavit\.m2\repository\io\cucumber\datatable\7.20.1\datatable-7.20.1.jar;C:\Users\pavit\.m2\repository\io\cucumber\cucumber-plugin\7.20.1\cucumber-plugin-7.20.1.jar;C:\Users\pavit\.m2\repository\io\cucumber\docstring\7.20.1\docstring-7.20.1.jar;C:\Users\pavit\.m2\repository\io\cucumber\html-formatter\21.7.0\html-formatter-21.7.0.jar;C:\Users\pavit\.m2\repository\io\cucumber\junit-xml-formatter\0.5.0\junit-xml-formatter-0.5.0.jar;C:\Users\pavit\.m2\repository\io\cucumber\ci-environment\10.0.1\ci-environment-10.0.1.jar;C:\Users\pavit\.m2\repository\org\seleniumhq\selenium\selenium-java\4.25.0\selenium-java-4.25.0.jar;C:\Users\pavit\.m2\repository\org\seleniumhq\selenium\selenium-api\4.25.0\selenium-api-4.25.0.jar;C:\Users\pavit\.m2\repository\org\jspecify\jspecify\1.0.0\jspecify-1.0.0.jar;C:\Users\pavit\.m2\repository\org\seleniumhq\selenium\selenium-chrome-driver\4.25.0\selenium-chrome-driver-4.25.0.jar;C:\Users\pavit\.m2\repository\com\google\auto\service\auto-service-annotations\1.1.1\auto-service-annotations-1.1.1.jar;C:\Users\pavit\.m2\repository\org\seleniumhq\selenium\selenium-chromium-driver\4.25.0\selenium-chromium-driver-4.25.0.jar;C:\Users\pavit\.m2\repository\org\seleniumhq\selenium\selenium-json\4.25.0\selenium-json-4.25.0.jar;C:\Users\pavit\.m2\repository\org\seleniumhq\selenium\selenium-manager\4.25.0\selenium-manager-4.25.0.jar;C:\Users\pavit\.m2\repository\org\seleniumhq\selenium\selenium-devtools-v127\4.25.0\selenium-devtools-v127-4.25.0.jar;C:\Users\pavit\.m2\repository\org\seleniumhq\selenium\selenium-devtools-v128\4.25.0\selenium-devtools-v128-4.25.0.jar;C:\Users\pavit\.m2\repository\org\seleniumhq\selenium\selenium-devtools-v129\4.25.0\selenium-devtools-v129-4.25.0.jar;C:\Users\pavit\.m2\repository\org\seleniumhq\selenium\selenium-devtools-v85\4.25.0\selenium-devtools-v85-4.25.0.jar;C:\Users\pavit\.m2\repository\org\seleniumhq\selenium\selenium-edge-driver\4.25.0\selenium-edge-driver-4.25.0.jar;C:\Users\pavit\.m2\repository\org\seleniumhq\selenium\selenium-firefox-driver\4.25.0\selenium-firefox-driver-4.25.0.jar;C:\Users\pavit\.m2\repository\org\seleniumhq\selenium\selenium-http\4.25.0\selenium-http-4.25.0.jar;C:\Users\pavit\.m2\repository\dev\failsafe\failsafe\3.3.2\failsafe-3.3.2.jar;C:\Users\pavit\.m2\repository\org\seleniumhq\selenium\selenium-ie-driver\4.25.0\selenium-ie-driver-4.25.0.jar;C:\Users\pavit\.m2\repository\org\seleniumhq\selenium\selenium-remote-driver\4.25.0\selenium-remote-driver-4.25.0.jar;C:\Users\pavit\.m2\repository\io\opentelemetry\semconv\opentelemetry-semconv\1.25.0-alpha\opentelemetry-semconv-1.25.0-alpha.jar;C:\Users\pavit\.m2\repository\io\opentelemetry\opentelemetry-api\1.42.1\opentelemetry-api-1.42.1.jar;C:\Users\pavit\.m2\repository\io\opentelemetry\opentelemetry-context\1.42.1\opentelemetry-context-1.42.1.jar;C:\Users\pavit\.m2\repository\io\opentelemetry\opentelemetry-exporter-logging\1.42.1\opentelemetry-exporter-logging-1.42.1.jar;C:\Users\pavit\.m2\repository\io\opentelemetry\opentelemetry-sdk-common\1.42.1\opentelemetry-sdk-common-1.42.1.jar;C:\Users\pavit\.m2\repository\io\opentelemetry\opentelemetry-sdk-extension-autoconfigure-spi\1.42.1\opentelemetry-sdk-extension-autoconfigure-spi-1.42.1.jar;C:\Users\pavit\.m2\repository\io\opentelemetry\opentelemetry-sdk-extension-autoconfigure\1.42.1\opentelemetry-sdk-extension-autoconfigure-1.42.1.jar;C:\Users\pavit\.m2\repository\io\opentelemetry\opentelemetry-api-incubator\1.42.1-alpha\opentelemetry-api-incubator-1.42.1-alpha.jar;C:\Users\pavit\.m2\repository\io\opentelemetry\opentelemetry-sdk-trace\1.42.1\opentelemetry-sdk-trace-1.42.1.jar;C:\Users\pavit\.m2\repository\io\opentelemetry\opentelemetry-sdk\1.42.1\opentelemetry-sdk-1.42.1.jar;C:\Users\pavit\.m2\repository\io\opentelemetry\opentelemetry-sdk-metrics\1.42.1\opentelemetry-sdk-metrics-1.42.1.jar;C:\Users\pavit\.m2\repository\io\opentelemetry\opentelemetry-sdk-logs\1.42.1\opentelemetry-sdk-logs-1.42.1.jar;C:\Users\pavit\.m2\repository\net\bytebuddy\byte-buddy\1.15.1\byte-buddy-1.15.1.jar;C:\Users\pavit\.m2\repository\org\seleniumhq\selenium\selenium-os\4.25.0\selenium-os-4.25.0.jar;C:\Users\pavit\.m2\repository\org\apache\commons\commons-exec\1.4.0\commons-exec-1.4.0.jar;C:\Users\pavit\.m2\repository\org\seleniumhq\selenium\selenium-safari-driver\4.25.0\selenium-safari-driver-4.25.0.jar;C:\Users\pavit\.m2\repository\org\seleniumhq\selenium\selenium-support\4.25.0\selenium-support-4.25.0.jar;C:\Users\pavit\.m2\repository\org\testng\testng\7.10.2\testng-7.10.2.jar;C:\Users\pavit\.m2\repository\com\beust\jcommander\1.82\jcommander-1.82.jar;C:\Users\pavit\.m2\repository\org\webjars\jquery\3.7.1\jquery-3.7.1.jar;C:\Users\pavit\.m2\repository\io\cucumber\cucumber-html\0.2.7\cucumber-html-0.2.7.jar;C:\Users\pavit\.m2\repository\io\cucumber\gherkin\29.0.0\gherkin-29.0.0.jar;C:\Users\pavit\.m2\repository\org\hamcrest\hamcrest\3.0\hamcrest-3.0.jar;C:\Users\pavit\.m2\repository\net\masterthought\cucumber-reporting\5.8.2\cucumber-reporting-5.8.2.jar;C:\Users\pavit\.m2\repository\com\fasterxml\jackson\core\jackson-databind\2.17.0\jackson-databind-2.17.0.jar;C:\Users\pavit\.m2\repository\com\fasterxml\jackson\core\jackson-annotations\2.17.0\jackson-annotations-2.17.0.jar;C:\Users\pavit\.m2\repository\com\fasterxml\jackson\core\jackson-core\2.17.0\jackson-core-2.17.0.jar;C:\Users\pavit\.m2\repository\com\fasterxml\jackson\datatype\jackson-datatype-jsr310\2.17.0\jackson-datatype-jsr310-2.17.0.jar;C:\Users\pavit\.m2\repository\org\apache\velocity\velocity-engine-core\2.3\velocity-engine-core-2.3.jar;C:\Users\pavit\.m2\repository\org\apache\commons\commons-configuration2\2.10.1\commons-configuration2-2.10.1.jar;C:\Users\pavit\.m2\repository\commons-io\commons-io\2.16.1\commons-io-2.16.1.jar;C:\Users\pavit\.m2\repository\org\apache\commons\commons-text\1.11.0\commons-text-1.11.0.jar;C:\Users\pavit\.m2\repository\org\jsoup\jsoup\1.17.2\jsoup-1.17.2.jar;C:\Users\pavit\.m2\repository\com\googlecode\owasp-java-html-sanitizer\owasp-java-html-sanitizer\20240325.1\owasp-java-html-sanitizer-20240325.1.jar;C:\Users\pavit\.m2\repository\com\googlecode\owasp-java-html-sanitizer\java8-shim\20240325.1\java8-shim-20240325.1.jar;C:\Users\pavit\.m2\repository\com\googlecode\owasp-java-html-sanitizer\java10-shim\20240325.1\java10-shim-20240325.1.jar;C:\Users\pavit\.m2\repository\org\slf4j\jcl-over-slf4j\2.0.13\jcl-over-slf4j-2.0.13.jar;C:\Users\pavit\.m2\repository\io\cucumber\cucumber-jvm-deps\1.0.6\cucumber-jvm-deps-1.0.6.jar;C:\Users\pavit\.m2\repository\org\slf4j\slf4j-api\2.0.7\slf4j-api-2.0.7.jar;C:\Users\pavit\.m2\repository\org\slf4j\slf4j-simple\2.0.7\slf4j-simple-2.0.7.jar;C:\Users\pavit\.m2\repository\org\apache\commons\commons-email\1.6.0\commons-email-1.6.0.jar;C:\Users\pavit\.m2\repository\com\sun\mail\jakarta.mail\1.6.7\jakarta.mail-1.6.7.jar;C:\Users\pavit\.m2\repository\com\sun\activation\jakarta.activation\1.2.1\jakarta.activation-1.2.1.jar;C:\Users\pavit\.m2\repository\org\apache\poi\poi\5.3.0\poi-5.3.0.jar;C:\Users\pavit\.m2\repository\commons-codec\commons-codec\1.17.0\commons-codec-1.17.0.jar;C:\Users\pavit\.m2\repository\org\apache\commons\commons-collections4\4.4\commons-collections4-4.4.jar;C:\Users\pavit\.m2\repository\com\zaxxer\SparseBitSet\1.3\SparseBitSet-1.3.jar;C:\Users\pavit\.m2\repository\org\apache\poi\poi-ooxml\5.3.0\poi-ooxml-5.3.0.jar;C:\Users\pavit\.m2\repository\org\apache\poi\poi-ooxml-lite\5.3.0\poi-ooxml-lite-5.3.0.jar;C:\Users\pavit\.m2\repository\org\apache\xmlbeans\xmlbeans\5.2.1\xmlbeans-5.2.1.jar;C:\Users\pavit\.m2\repository\com\github\virtuald\curvesapi\1.08\curvesapi-1.08.jar;C:\Users\pavit\.m2\repository\com\aventstack\extentreports\5.1.2\extentreports-5.1.2.jar;C:\Users\pavit\.m2\repository\io\reactivex\rxjava3\rxjava\3.1.6\rxjava-3.1.6.jar;C:\Users\pavit\.m2\repository\org\reactivestreams\reactive-streams\1.0.4\reactive-streams-1.0.4.jar;C:\Users\pavit\.m2\repository\org\freemarker\freemarker\2.3.32\freemarker-2.3.32.jar;C:\Users\pavit\.m2\repository\org\projectlombok\lombok\1.18.26\lombok-1.18.26.jar;C:\Users\pavit\.m2\repository\io\qameta\allure\allure-cucumber7-jvm\2.29.0\allure-cucumber7-jvm-2.29.0.jar;C:\Users\pavit\.m2\repository\io\qameta\allure\allure-java-commons\2.29.0\allure-java-commons-2.29.0.jar;C:\Users\pavit\.m2\repository\io\qameta\allure\allure-model\2.29.0\allure-model-2.29.0.jar;"/>
    <property name="sun.cpu.endian" value="little"/>
    <property name="user.home" value="C:\Users\pavit"/>
    <property name="user.language" value="en"/>
    <property name="java.specification.vendor" value="Oracle Corporation"/>
    <property name="java.version.date" value="2024-07-16"/>
    <property name="java.home" value="C:\Program Files\Java\jdk-17"/>
    <property name="file.separator" value="\"/>
    <property name="style.color" value="always"/>
    <property name="basedir" value="C:\Users\pavit\eclipse-workspace\project"/>
    <property name="java.vm.compressedOopsMode" value="Zero based"/>
    <property name="line.separator" value="&#10;"/>
    <property name="java.vm.specification.vendor" value="Oracle Corporation"/>
    <property name="java.specification.name" value="Java Platform API Specification"/>
    <property name="surefire.real.class.path" value="C:\Users\pavit\AppData\Local\Temp\surefire4016856387319094360\surefirebooter8364121832171551991.jar"/>
    <property name="user.script" value=""/>
    <property name="sun.management.compiler" value="HotSpot 64-Bit Tiered Compilers"/>
    <property name="java.runtime.version" value="17.0.12+8-LTS-286"/>
    <property name="user.name" value="pavit"/>
    <property name="path.separator" value=";"/>
    <property name="os.version" value="10.0"/>
    <property name="java.runtime.name" value="Java(TM) SE Runtime Environment"/>
    <property name="file.encoding" value="Cp1252"/>
    <property name="java.vm.name" value="Java HotSpot(TM) 64-Bit Server VM"/>
    <property name="localRepository" value="C:\Users\pavit\.m2\repository"/>
    <property name="java.vendor.url.bug" value="https://bugreport.java.com/bugreport/"/>
    <property name="java.io.tmpdir" value="C:\Users\pavit\AppData\Local\Temp\"/>
    <property name="java.version" value="17.0.12"/>
    <property name="user.dir" value="C:\Users\pavit\eclipse-workspace\project"/>
    <property name="os.arch" value="amd64"/>
    <property name="java.vm.specification.name" value="Java Virtual Machine Specification"/>
    <property name="sun.os.patch.level" value=""/>
    <property name="native.encoding" value="Cp1252"/>
    <property name="java.library.path" value="C:\Program Files\Java\jdk-17\bin;C:\WINDOWS\Sun\Java\bin;C:\WINDOWS\system32;C:\WINDOWS;C:/Users/pavit/.p2/pool/plugins/org.eclipse.justj.openjdk.hotspot.jre.full.win32.x86_64_22.0.2.v20240802-1626/jre/bin/server;C:/Users/pavit/.p2/pool/plugins/org.eclipse.justj.openjdk.hotspot.jre.full.win32.x86_64_22.0.2.v20240802-1626/jre/bin;C:\Program Files\Common Files\Oracle\Java\javapath;C:\WINDOWS\system32;C:\WINDOWS;C:\WINDOWS\System32\Wbem;C:\WINDOWS\System32\WindowsPowerShell\v1.0\;C:\WINDOWS\System32\OpenSSH\;C:\Program Files\dotnet\;C:\Program Files\Docker\Docker\resources\bin;C:\Program Files\Java\jdk-17\bin;C:\Program Files\apache-maven-3.9.9\bin;C:\Program Files\Git\cmd;C:\Program Files\allure-2.31.0\bin;C:\Users\pavit\AppData\Local\Microsoft\WindowsApps;;C:\Users\pavit\Desktop;;."/>
    <property name="java.vm.info" value="mixed mode, sharing"/>
    <property name="java.vendor" value="Oracle Corporation"/>
    <property name="java.vm.version" value="17.0.12+8-LTS-286"/>
    <property name="sun.io.unicode.encoding" value="UnicodeLittle"/>
    <property name="java.class.version" value="61.0"/>
  </properties>
  <testcase name="Home page &amp; Stack page validation using Get Started button" classname="Home page validation" time="20.284">
    <system-out><![CDATA[
@Home_sucesslogin
Scenario: Home page & Stack page validation using Get Started button &amp#27;[90m# src/test/resources/feat/DSAlgoHomePage.feature:4&amp#27;[0m
browser value is: chrome
  &amp#27;[32mGiven &amp#27;[0m&amp#27;[32mThe user enters home page&amp#27;[0m                                    &amp#27;[90m# sd.DSAlgoHomePage_SD.the_user_enters_home_page()&amp#27;[0m
  &amp#27;[32mWhen &amp#27;[0m&amp#27;[32mThe user selects the Getting Started button in Stack Panel&amp#27;[0m    &amp#27;[90m# sd.DSAlgoHomePage_SD.the_user_selects_the_getting_started_button_in_stack_panel()&amp#27;[0m
  &amp#27;[32mThen &amp#27;[0m&amp#27;[32mThe user will be directed to &amp#27;[0m&amp#27;[32m&amp#27;[1m"Stack"&amp#27;[0m&amp#27;[32m Page&amp#27;[0m                     &amp#27;[90m# sd.DSAlgoHomePage_SD.the_user_will_be_directed_to_page(java.lang.String)&amp#27;[0m
]]></system-out>
    <system-err><![CDATA[[pool-2-thread-3] INFO io.github.bonigarcia.wdm.WebDriverManager - Using chromedriver 130.0.6723.91 (resolved driver for Chrome 130)
[pool-2-thread-3] INFO io.github.bonigarcia.wdm.WebDriverManager - Exporting webdriver.chrome.driver as C:\Users\pavit\.cache\selenium\chromedriver\win64\130.0.6723.91\chromedriver.exe
Oct 30, 2024 10:12:37 AM org.openqa.selenium.devtools.CdpVersionFinder findNearestMatch
WARNING: Unable to find an exact match for CDP version 130, returning the closest version; found: 129; Please update to a Selenium version that supports CDP version 130
]]></system-err>
  </testcase>
  <testcase name="Home page &amp; Stack page validation using dropdown option" classname="Home page validation" time="14.168">
    <system-out><![CDATA[
@Home_sucesslogin
Scenario: Home page & Stack page validation using dropdown option &amp#27;[90m# src/test/resources/feat/DSAlgoHomePage.feature:10&amp#27;[0m
browser value is: chrome
  &amp#27;[32mGiven &amp#27;[0m&amp#27;[32mThe user enters home page&amp#27;[0m                                 &amp#27;[90m# sd.DSAlgoHomePage_SD.the_user_enters_home_page()&amp#27;[0m
  &amp#27;[32mWhen &amp#27;[0m&amp#27;[32mThe user selects Stack option in the dropdown&amp#27;[0m              &amp#27;[90m# sd.DSAlgoHomePage_SD.the_user_selects_stack_option_in_the_dropdown()&amp#27;[0m
  &amp#27;[32mThen &amp#27;[0m&amp#27;[32mThe user will be directed to &amp#27;[0m&amp#27;[32m&amp#27;[1m"Stack"&amp#27;[0m&amp#27;[32m Page&amp#27;[0m                  &amp#27;[90m# sd.DSAlgoHomePage_SD.the_user_will_be_directed_to_page(java.lang.String)&amp#27;[0m
]]></system-out>
    <system-err><![CDATA[[pool-2-thread-3] INFO io.github.bonigarcia.wdm.WebDriverManager - Using chromedriver 130.0.6723.91 (resolved driver for Chrome 130)
[pool-2-thread-3] INFO io.github.bonigarcia.wdm.WebDriverManager - Exporting webdriver.chrome.driver as C:\Users\pavit\.cache\selenium\chromedriver\win64\130.0.6723.91\chromedriver.exe
Oct 30, 2024 10:12:53 AM org.openqa.selenium.devtools.CdpVersionFinder findNearestMatch
WARNING: Unable to find an exact match for CDP version 130, returning the closest version; found: 129; Please update to a Selenium version that supports CDP version 130
]]></system-err>
  </testcase>
  <testcase name="Home page &amp; Data Structure page validation using Get Started button" classname="Home page validation" time="9.793">
    <system-out><![CDATA[
@Home_sucesslogin
Scenario: Home page & Data Structure page validation using Get Started button        &amp#27;[90m# src/test/resources/feat/DSAlgoHomePage.feature:16&amp#27;[0m
browser value is: chrome
  &amp#27;[32mGiven &amp#27;[0m&amp#27;[32mThe user enters home page&amp#27;[0m                                                    &amp#27;[90m# sd.DSAlgoHomePage_SD.the_user_enters_home_page()&amp#27;[0m
  &amp#27;[32mWhen &amp#27;[0m&amp#27;[32mThe user selects Getting Started button in Data Structures-Introduction panel&amp#27;[0m &amp#27;[90m# sd.DSAlgoHomePage_SD.the_user_selects_getting_started_button_in_data_structures_introduction_panel()&amp#27;[0m
  &amp#27;[32mThen &amp#27;[0m&amp#27;[32mThe user will be directed to &amp#27;[0m&amp#27;[32m&amp#27;[1m"Data Structures-Introduction"&amp#27;[0m&amp#27;[32m Page&amp#27;[0m              &amp#27;[90m# sd.DSAlgoHomePage_SD.the_user_will_be_directed_to_page(java.lang.String)&amp#27;[0m
]]></system-out>
    <system-err><![CDATA[[pool-2-thread-3] INFO io.github.bonigarcia.wdm.WebDriverManager - Using chromedriver 130.0.6723.91 (resolved driver for Chrome 130)
[pool-2-thread-3] INFO io.github.bonigarcia.wdm.WebDriverManager - Exporting webdriver.chrome.driver as C:\Users\pavit\.cache\selenium\chromedriver\win64\130.0.6723.91\chromedriver.exe
Oct 30, 2024 10:13:07 AM org.openqa.selenium.devtools.CdpVersionFinder findNearestMatch
WARNING: Unable to find an exact match for CDP version 130, returning the closest version; found: 129; Please update to a Selenium version that supports CDP version 130
]]></system-err>
  </testcase>
  <testcase name="Home page &amp; Array page validation using Get Started button" classname="Home page validation" time="10.394">
    <system-out><![CDATA[
@Home_sucesslogin
Scenario: Home page & Array page validation using Get Started button &amp#27;[90m# src/test/resources/feat/DSAlgoHomePage.feature:22&amp#27;[0m
browser value is: chrome
  &amp#27;[32mGiven &amp#27;[0m&amp#27;[32mThe user enters home page&amp#27;[0m                                    &amp#27;[90m# sd.DSAlgoHomePage_SD.the_user_enters_home_page()&amp#27;[0m
  &amp#27;[32mWhen &amp#27;[0m&amp#27;[32mThe user selects the Getting Started button in Array Panel&amp#27;[0m    &amp#27;[90m# sd.DSAlgoHomePage_SD.the_user_selects_the_getting_started_button_in_array_panel()&amp#27;[0m
  &amp#27;[32mThen &amp#27;[0m&amp#27;[32mThe user will be directed to &amp#27;[0m&amp#27;[32m&amp#27;[1m"Array"&amp#27;[0m&amp#27;[32m Page&amp#27;[0m                     &amp#27;[90m# sd.DSAlgoHomePage_SD.the_user_will_be_directed_to_page(java.lang.String)&amp#27;[0m
]]></system-out>
    <system-err><![CDATA[[pool-2-thread-3] INFO io.github.bonigarcia.wdm.WebDriverManager - Using chromedriver 130.0.6723.91 (resolved driver for Chrome 130)
[pool-2-thread-3] INFO io.github.bonigarcia.wdm.WebDriverManager - Exporting webdriver.chrome.driver as C:\Users\pavit\.cache\selenium\chromedriver\win64\130.0.6723.91\chromedriver.exe
Oct 30, 2024 10:13:17 AM org.openqa.selenium.devtools.CdpVersionFinder findNearestMatch
WARNING: Unable to find an exact match for CDP version 130, returning the closest version; found: 129; Please update to a Selenium version that supports CDP version 130
]]></system-err>
  </testcase>
  <testcase name="Home page &amp; Array page validation using dropdown option" classname="Home page validation" time="8.625">
    <system-out><![CDATA[
@Home_sucesslogin
Scenario: Home page & Array page validation using dropdown option &amp#27;[90m# src/test/resources/feat/DSAlgoHomePage.feature:28&amp#27;[0m
browser value is: chrome
  &amp#27;[32mGiven &amp#27;[0m&amp#27;[32mThe user enters home page&amp#27;[0m                                 &amp#27;[90m# sd.DSAlgoHomePage_SD.the_user_enters_home_page()&amp#27;[0m
  &amp#27;[32mWhen &amp#27;[0m&amp#27;[32mThe user selects Array option in the dropdown&amp#27;[0m              &amp#27;[90m# sd.DSAlgoHomePage_SD.the_user_selects_array_option_in_the_dropdown()&amp#27;[0m
  &amp#27;[32mThen &amp#27;[0m&amp#27;[32mThe user will be directed to &amp#27;[0m&amp#27;[32m&amp#27;[1m"Array"&amp#27;[0m&amp#27;[32m Page&amp#27;[0m                  &amp#27;[90m# sd.DSAlgoHomePage_SD.the_user_will_be_directed_to_page(java.lang.String)&amp#27;[0m
]]></system-out>
    <system-err><![CDATA[[pool-2-thread-3] INFO io.github.bonigarcia.wdm.WebDriverManager - Using chromedriver 130.0.6723.91 (resolved driver for Chrome 130)
[pool-2-thread-3] INFO io.github.bonigarcia.wdm.WebDriverManager - Exporting webdriver.chrome.driver as C:\Users\pavit\.cache\selenium\chromedriver\win64\130.0.6723.91\chromedriver.exe
Oct 30, 2024 10:13:26 AM org.openqa.selenium.devtools.CdpVersionFinder findNearestMatch
WARNING: Unable to find an exact match for CDP version 130, returning the closest version; found: 129; Please update to a Selenium version that supports CDP version 130
]]></system-err>
  </testcase>
  <testcase name="Home page &amp; Linked List page validation using Get Started button" classname="Home page validation" time="9.925">
    <system-out><![CDATA[
@Home_sucesslogin
Scenario: Home page & Linked List page validation using Get Started button &amp#27;[90m# src/test/resources/feat/DSAlgoHomePage.feature:34&amp#27;[0m
browser value is: chrome
  &amp#27;[32mGiven &amp#27;[0m&amp#27;[32mThe user enters home page&amp#27;[0m                                          &amp#27;[90m# sd.DSAlgoHomePage_SD.the_user_enters_home_page()&amp#27;[0m
  &amp#27;[32mWhen &amp#27;[0m&amp#27;[32mThe user selects the Getting Started button in Linked List Panel&amp#27;[0m    &amp#27;[90m# sd.DSAlgoHomePage_SD.the_user_selects_the_getting_started_button_in_linked_list_panel()&amp#27;[0m
  &amp#27;[32mThen &amp#27;[0m&amp#27;[32mThe user will be directed to &amp#27;[0m&amp#27;[32m&amp#27;[1m"Linked List"&amp#27;[0m&amp#27;[32m Page&amp#27;[0m                     &amp#27;[90m# sd.DSAlgoHomePage_SD.the_user_will_be_directed_to_page(java.lang.String)&amp#27;[0m
]]></system-out>
    <system-err><![CDATA[[pool-2-thread-3] INFO io.github.bonigarcia.wdm.WebDriverManager - Using chromedriver 130.0.6723.91 (resolved driver for Chrome 130)
[pool-2-thread-3] INFO io.github.bonigarcia.wdm.WebDriverManager - Exporting webdriver.chrome.driver as C:\Users\pavit\.cache\selenium\chromedriver\win64\130.0.6723.91\chromedriver.exe
Oct 30, 2024 10:13:36 AM org.openqa.selenium.devtools.CdpVersionFinder findNearestMatch
WARNING: Unable to find an exact match for CDP version 130, returning the closest version; found: 129; Please update to a Selenium version that supports CDP version 130
]]></system-err>
  </testcase>
  <testcase name="Home page &amp; Linked List page validation using dropdown option" classname="Home page validation" time="9.273">
    <system-out><![CDATA[
@Home_sucesslogin
Scenario: Home page & Linked List page validation using dropdown option &amp#27;[90m# src/test/resources/feat/DSAlgoHomePage.feature:40&amp#27;[0m
browser value is: chrome
  &amp#27;[32mGiven &amp#27;[0m&amp#27;[32mThe user enters home page&amp#27;[0m                                       &amp#27;[90m# sd.DSAlgoHomePage_SD.the_user_enters_home_page()&amp#27;[0m
  &amp#27;[32mWhen &amp#27;[0m&amp#27;[32mThe user selects Linked List option in the dropdown&amp#27;[0m              &amp#27;[90m# sd.DSAlgoHomePage_SD.the_user_selects_linked_list_option_in_the_dropdown()&amp#27;[0m
  &amp#27;[32mThen &amp#27;[0m&amp#27;[32mThe user will be directed to &amp#27;[0m&amp#27;[32m&amp#27;[1m"Linked List"&amp#27;[0m&amp#27;[32m Page&amp#27;[0m                  &amp#27;[90m# sd.DSAlgoHomePage_SD.the_user_will_be_directed_to_page(java.lang.String)&amp#27;[0m
]]></system-out>
    <system-err><![CDATA[[pool-2-thread-3] INFO io.github.bonigarcia.wdm.WebDriverManager - Using chromedriver 130.0.6723.91 (resolved driver for Chrome 130)
[pool-2-thread-3] INFO io.github.bonigarcia.wdm.WebDriverManager - Exporting webdriver.chrome.driver as C:\Users\pavit\.cache\selenium\chromedriver\win64\130.0.6723.91\chromedriver.exe
Oct 30, 2024 10:13:46 AM org.openqa.selenium.devtools.CdpVersionFinder findNearestMatch
WARNING: Unable to find an exact match for CDP version 130, returning the closest version; found: 129; Please update to a Selenium version that supports CDP version 130
]]></system-err>
  </testcase>
  <testcase name="Home page &amp; Graph page validation using Get Started button" classname="Home page validation" time="8.328">
    <system-out><![CDATA[
@Home_sucesslogin
Scenario: Home page & Graph page validation using Get Started button &amp#27;[90m# src/test/resources/feat/DSAlgoHomePage.feature:46&amp#27;[0m
browser value is: chrome
  &amp#27;[32mGiven &amp#27;[0m&amp#27;[32mThe user enters home page&amp#27;[0m                                    &amp#27;[90m# sd.DSAlgoHomePage_SD.the_user_enters_home_page()&amp#27;[0m
  &amp#27;[32mWhen &amp#27;[0m&amp#27;[32mThe user selects the Getting Started button in Graph Panel&amp#27;[0m    &amp#27;[90m# sd.DSAlgoHomePage_SD.the_user_selects_the_getting_started_button_in_graph_panel()&amp#27;[0m
  &amp#27;[32mThen &amp#27;[0m&amp#27;[32mThe user will be directed to &amp#27;[0m&amp#27;[32m&amp#27;[1m"Graph"&amp#27;[0m&amp#27;[32m Page&amp#27;[0m                     &amp#27;[90m# sd.DSAlgoHomePage_SD.the_user_will_be_directed_to_page(java.lang.String)&amp#27;[0m
]]></system-out>
    <system-err><![CDATA[[pool-2-thread-3] INFO io.github.bonigarcia.wdm.WebDriverManager - Using chromedriver 130.0.6723.91 (resolved driver for Chrome 130)
[pool-2-thread-3] INFO io.github.bonigarcia.wdm.WebDriverManager - Exporting webdriver.chrome.driver as C:\Users\pavit\.cache\selenium\chromedriver\win64\130.0.6723.91\chromedriver.exe
Oct 30, 2024 10:13:55 AM org.openqa.selenium.devtools.CdpVersionFinder findNearestMatch
WARNING: Unable to find an exact match for CDP version 130, returning the closest version; found: 129; Please update to a Selenium version that supports CDP version 130
]]></system-err>
  </testcase>
  <testcase name="Home page &amp; Graph page validation using dropdown option" classname="Home page validation" time="8.163">
    <system-out><![CDATA[
@Home_sucesslogin
Scenario: Home page & Graph page validation using dropdown option &amp#27;[90m# src/test/resources/feat/DSAlgoHomePage.feature:52&amp#27;[0m
browser value is: chrome
  &amp#27;[32mGiven &amp#27;[0m&amp#27;[32mThe user enters home page&amp#27;[0m                                 &amp#27;[90m# sd.DSAlgoHomePage_SD.the_user_enters_home_page()&amp#27;[0m
  &amp#27;[32mWhen &amp#27;[0m&amp#27;[32mThe user selects Graph option in the dropdown&amp#27;[0m              &amp#27;[90m# sd.DSAlgoHomePage_SD.the_user_selects_graph_option_in_the_dropdown()&amp#27;[0m
  &amp#27;[32mThen &amp#27;[0m&amp#27;[32mThe user will be directed to &amp#27;[0m&amp#27;[32m&amp#27;[1m"Graph"&amp#27;[0m&amp#27;[32m Page&amp#27;[0m                  &amp#27;[90m# sd.DSAlgoHomePage_SD.the_user_will_be_directed_to_page(java.lang.String)&amp#27;[0m
]]></system-out>
    <system-err><![CDATA[[pool-2-thread-3] INFO io.github.bonigarcia.wdm.WebDriverManager - Using chromedriver 130.0.6723.91 (resolved driver for Chrome 130)
[pool-2-thread-3] INFO io.github.bonigarcia.wdm.WebDriverManager - Exporting webdriver.chrome.driver as C:\Users\pavit\.cache\selenium\chromedriver\win64\130.0.6723.91\chromedriver.exe
Oct 30, 2024 10:14:02 AM org.openqa.selenium.devtools.CdpVersionFinder findNearestMatch
WARNING: Unable to find an exact match for CDP version 130, returning the closest version; found: 129; Please update to a Selenium version that supports CDP version 130
]]></system-err>
  </testcase>
  <testcase name="Home page &amp; Tree page validation using Get Started button" classname="Home page validation" time="11.579">
    <system-out><![CDATA[
@Home_sucesslogin
Scenario: Home page & Tree page validation using Get Started button &amp#27;[90m# src/test/resources/feat/DSAlgoHomePage.feature:58&amp#27;[0m
browser value is: chrome
  &amp#27;[32mGiven &amp#27;[0m&amp#27;[32mThe user enters home page&amp#27;[0m                                   &amp#27;[90m# sd.DSAlgoHomePage_SD.the_user_enters_home_page()&amp#27;[0m
  &amp#27;[32mWhen &amp#27;[0m&amp#27;[32mThe user selects the Getting Started button in Tree Panel&amp#27;[0m    &amp#27;[90m# sd.DSAlgoHomePage_SD.the_user_selects_the_getting_started_button_in_tree_panel()&amp#27;[0m
  &amp#27;[32mThen &amp#27;[0m&amp#27;[32mThe user will be directed to &amp#27;[0m&amp#27;[32m&amp#27;[1m"Tree"&amp#27;[0m&amp#27;[32m Page&amp#27;[0m                     &amp#27;[90m# sd.DSAlgoHomePage_SD.the_user_will_be_directed_to_page(java.lang.String)&amp#27;[0m
]]></system-out>
    <system-err><![CDATA[[pool-2-thread-3] INFO io.github.bonigarcia.wdm.WebDriverManager - Using chromedriver 130.0.6723.91 (resolved driver for Chrome 130)
[pool-2-thread-3] INFO io.github.bonigarcia.wdm.WebDriverManager - Exporting webdriver.chrome.driver as C:\Users\pavit\.cache\selenium\chromedriver\win64\130.0.6723.91\chromedriver.exe
Oct 30, 2024 10:14:12 AM org.openqa.selenium.devtools.CdpVersionFinder findNearestMatch
WARNING: Unable to find an exact match for CDP version 130, returning the closest version; found: 129; Please update to a Selenium version that supports CDP version 130
]]></system-err>
  </testcase>
  <testcase name="Home page &amp; Tree page validation using dropdown option" classname="Home page validation" time="8.187">
    <system-out><![CDATA[
@Home_sucesslogin
Scenario: Home page & Tree page validation using dropdown option &amp#27;[90m# src/test/resources/feat/DSAlgoHomePage.feature:64&amp#27;[0m
browser value is: chrome
  &amp#27;[32mGiven &amp#27;[0m&amp#27;[32mThe user enters home page&amp#27;[0m                                &amp#27;[90m# sd.DSAlgoHomePage_SD.the_user_enters_home_page()&amp#27;[0m
  &amp#27;[32mWhen &amp#27;[0m&amp#27;[32mThe user selects Tree option in the dropdown&amp#27;[0m              &amp#27;[90m# sd.DSAlgoHomePage_SD.the_user_selects_tree_option_in_the_dropdown()&amp#27;[0m
  &amp#27;[32mThen &amp#27;[0m&amp#27;[32mThe user will be directed to &amp#27;[0m&amp#27;[32m&amp#27;[1m"Tree"&amp#27;[0m&amp#27;[32m Page&amp#27;[0m                  &amp#27;[90m# sd.DSAlgoHomePage_SD.the_user_will_be_directed_to_page(java.lang.String)&amp#27;[0m
]]></system-out>
    <system-err><![CDATA[[pool-2-thread-3] INFO io.github.bonigarcia.wdm.WebDriverManager - Using chromedriver 130.0.6723.91 (resolved driver for Chrome 130)
[pool-2-thread-3] INFO io.github.bonigarcia.wdm.WebDriverManager - Exporting webdriver.chrome.driver as C:\Users\pavit\.cache\selenium\chromedriver\win64\130.0.6723.91\chromedriver.exe
Oct 30, 2024 10:14:22 AM org.openqa.selenium.devtools.CdpVersionFinder findNearestMatch
WARNING: Unable to find an exact match for CDP version 130, returning the closest version; found: 129; Please update to a Selenium version that supports CDP version 130
]]></system-err>
  </testcase>
  <testcase name="Home page &amp; Queue page validation using Get Started button" classname="Home page validation" time="7.824">
    <system-out><![CDATA[
@Home_sucesslogin
Scenario: Home page & Queue page validation using Get Started button &amp#27;[90m# src/test/resources/feat/DSAlgoHomePage.feature:70&amp#27;[0m
browser value is: chrome
  &amp#27;[32mGiven &amp#27;[0m&amp#27;[32mThe user enters home page&amp#27;[0m                                    &amp#27;[90m# sd.DSAlgoHomePage_SD.the_user_enters_home_page()&amp#27;[0m
  &amp#27;[32mWhen &amp#27;[0m&amp#27;[32mThe user selects the Getting Started button in Queue Panel&amp#27;[0m    &amp#27;[90m# sd.DSAlgoHomePage_SD.the_user_selects_the_getting_started_button_in_queue_panel()&amp#27;[0m
  &amp#27;[32mThen &amp#27;[0m&amp#27;[32mThe user will be directed to &amp#27;[0m&amp#27;[32m&amp#27;[1m"Queue"&amp#27;[0m&amp#27;[32m Page&amp#27;[0m                     &amp#27;[90m# sd.DSAlgoHomePage_SD.the_user_will_be_directed_to_page(java.lang.String)&amp#27;[0m
]]></system-out>
    <system-err><![CDATA[[pool-2-thread-3] INFO io.github.bonigarcia.wdm.WebDriverManager - Using chromedriver 130.0.6723.91 (resolved driver for Chrome 130)
[pool-2-thread-3] INFO io.github.bonigarcia.wdm.WebDriverManager - Exporting webdriver.chrome.driver as C:\Users\pavit\.cache\selenium\chromedriver\win64\130.0.6723.91\chromedriver.exe
Oct 30, 2024 10:14:30 AM org.openqa.selenium.devtools.CdpVersionFinder findNearestMatch
WARNING: Unable to find an exact match for CDP version 130, returning the closest version; found: 129; Please update to a Selenium version that supports CDP version 130
]]></system-err>
  </testcase>
  <testcase name="Home page &amp; Queue page validation using dropdown option" classname="Home page validation" time="6.914">
    <system-out><![CDATA[
@Home_sucesslogin
Scenario: Home page & Queue page validation using dropdown option &amp#27;[90m# src/test/resources/feat/DSAlgoHomePage.feature:76&amp#27;[0m
browser value is: chrome
  &amp#27;[32mGiven &amp#27;[0m&amp#27;[32mThe user enters home page&amp#27;[0m                                 &amp#27;[90m# sd.DSAlgoHomePage_SD.the_user_enters_home_page()&amp#27;[0m
  &amp#27;[32mWhen &amp#27;[0m&amp#27;[32mThe user selects Queue option in the dropdown&amp#27;[0m              &amp#27;[90m# sd.DSAlgoHomePage_SD.the_user_selects_queue_option_in_the_dropdown()&amp#27;[0m
  &amp#27;[32mThen &amp#27;[0m&amp#27;[32mThe user will be directed to &amp#27;[0m&amp#27;[32m&amp#27;[1m"Queue"&amp#27;[0m&amp#27;[32m Page&amp#27;[0m                  &amp#27;[90m# sd.DSAlgoHomePage_SD.the_user_will_be_directed_to_page(java.lang.String)&amp#27;[0m
]]></system-out>
    <system-err><![CDATA[[pool-2-thread-3] INFO io.github.bonigarcia.wdm.WebDriverManager - Using chromedriver 130.0.6723.91 (resolved driver for Chrome 130)
[pool-2-thread-3] INFO io.github.bonigarcia.wdm.WebDriverManager - Exporting webdriver.chrome.driver as C:\Users\pavit\.cache\selenium\chromedriver\win64\130.0.6723.91\chromedriver.exe
Oct 30, 2024 10:14:38 AM org.openqa.selenium.devtools.CdpVersionFinder findNearestMatch
WARNING: Unable to find an exact match for CDP version 130, returning the closest version; found: 129; Please update to a Selenium version that supports CDP version 130
]]></system-err>
  </testcase>
  <testcase name="Home page &amp; Queue page validation using Get Started button without login" classname="Home page validation" time="5.326">
    <system-out><![CDATA[
@Home_unsucesslogin
Scenario: Home page & Queue page validation using Get Started button without login &amp#27;[90m# src/test/resources/feat/DSAlgoHomePage.feature:82&amp#27;[0m
browser value is: chrome
  &amp#27;[32mGiven &amp#27;[0m&amp#27;[32mThe user enters home page&amp#27;[0m                                                  &amp#27;[90m# sd.DSAlgoHomePage_SD.the_user_enters_home_page()&amp#27;[0m
  &amp#27;[32mWhen &amp#27;[0m&amp#27;[32mThe user selects the Getting Started button in Queue Panel&amp#27;[0m                  &amp#27;[90m# sd.DSAlgoHomePage_SD.the_user_selects_the_getting_started_button_in_queue_panel()&amp#27;[0m
  &amp#27;[32mThen &amp#27;[0m&amp#27;[32mThe user will be get popup to login&amp#27;[0m                                         &amp#27;[90m# sd.DSAlgoHomePage_SD.the_user_will_be_get_popup_to_login()&amp#27;[0m
]]></system-out>
    <system-err><![CDATA[[pool-2-thread-3] INFO io.github.bonigarcia.wdm.WebDriverManager - Using chromedriver 130.0.6723.91 (resolved driver for Chrome 130)
[pool-2-thread-3] INFO io.github.bonigarcia.wdm.WebDriverManager - Exporting webdriver.chrome.driver as C:\Users\pavit\.cache\selenium\chromedriver\win64\130.0.6723.91\chromedriver.exe
Oct 30, 2024 10:14:45 AM org.openqa.selenium.devtools.CdpVersionFinder findNearestMatch
WARNING: Unable to find an exact match for CDP version 130, returning the closest version; found: 129; Please update to a Selenium version that supports CDP version 130
]]></system-err>
  </testcase>
  <testcase name="Home page &amp; Queue page validation using dropdown option without login" classname="Home page validation" time="5.762">
    <system-out><![CDATA[
@Home_unsucesslogin
Scenario: Home page & Queue page validation using dropdown option without login &amp#27;[90m# src/test/resources/feat/DSAlgoHomePage.feature:88&amp#27;[0m
browser value is: chrome
  &amp#27;[32mGiven &amp#27;[0m&amp#27;[32mThe user enters home page&amp#27;[0m                                               &amp#27;[90m# sd.DSAlgoHomePage_SD.the_user_enters_home_page()&amp#27;[0m
  &amp#27;[32mWhen &amp#27;[0m&amp#27;[32mThe user selects Queue option in the dropdown&amp#27;[0m                            &amp#27;[90m# sd.DSAlgoHomePage_SD.the_user_selects_queue_option_in_the_dropdown()&amp#27;[0m
  &amp#27;[32mThen &amp#27;[0m&amp#27;[32mThe user will be get popup to login&amp#27;[0m                                      &amp#27;[90m# sd.DSAlgoHomePage_SD.the_user_will_be_get_popup_to_login()&amp#27;[0m
]]></system-out>
    <system-err><![CDATA[[pool-2-thread-3] INFO io.github.bonigarcia.wdm.WebDriverManager - Using chromedriver 130.0.6723.91 (resolved driver for Chrome 130)
[pool-2-thread-3] INFO io.github.bonigarcia.wdm.WebDriverManager - Exporting webdriver.chrome.driver as C:\Users\pavit\.cache\selenium\chromedriver\win64\130.0.6723.91\chromedriver.exe
Oct 30, 2024 10:14:51 AM org.openqa.selenium.devtools.CdpVersionFinder findNearestMatch
WARNING: Unable to find an exact match for CDP version 130, returning the closest version; found: 129; Please update to a Selenium version that supports CDP version 130
]]></system-err>
  </testcase>
  <testcase name="Home page &amp; Data Structures-Introduction page validation using Get Started button without login" classname="Home page validation" time="4.953">
    <system-out><![CDATA[
@Home_unsucesslogin
Scenario: Home page & Data Structures-Introduction page validation using Get Started button without login &amp#27;[90m# src/test/resources/feat/DSAlgoHomePage.feature:94&amp#27;[0m
browser value is: chrome
  &amp#27;[32mGiven &amp#27;[0m&amp#27;[32mThe user enters home page&amp#27;[0m                                                                         &amp#27;[90m# sd.DSAlgoHomePage_SD.the_user_enters_home_page()&amp#27;[0m
  &amp#27;[32mWhen &amp#27;[0m&amp#27;[32mThe user selects Getting Started button in Data Structures-Introduction panel&amp#27;[0m                      &amp#27;[90m# sd.DSAlgoHomePage_SD.the_user_selects_getting_started_button_in_data_structures_introduction_panel()&amp#27;[0m
  &amp#27;[32mThen &amp#27;[0m&amp#27;[32mThe user will be get popup to login&amp#27;[0m                                                                &amp#27;[90m# sd.DSAlgoHomePage_SD.the_user_will_be_get_popup_to_login()&amp#27;[0m
]]></system-out>
    <system-err><![CDATA[[pool-2-thread-3] INFO io.github.bonigarcia.wdm.WebDriverManager - Using chromedriver 130.0.6723.91 (resolved driver for Chrome 130)
[pool-2-thread-3] INFO io.github.bonigarcia.wdm.WebDriverManager - Exporting webdriver.chrome.driver as C:\Users\pavit\.cache\selenium\chromedriver\win64\130.0.6723.91\chromedriver.exe
Oct 30, 2024 10:14:57 AM org.openqa.selenium.devtools.CdpVersionFinder findNearestMatch
WARNING: Unable to find an exact match for CDP version 130, returning the closest version; found: 129; Please update to a Selenium version that supports CDP version 130
]]></system-err>
  </testcase>
  <testcase name="Home page &amp; Array page validation using Get Started button without login" classname="Home page validation" time="4.893">
    <system-out><![CDATA[
@Home_unsucesslogin
Scenario: Home page & Array page validation using Get Started button without login &amp#27;[90m# src/test/resources/feat/DSAlgoHomePage.feature:100&amp#27;[0m
browser value is: chrome
  &amp#27;[32mGiven &amp#27;[0m&amp#27;[32mThe user enters home page&amp#27;[0m                                                  &amp#27;[90m# sd.DSAlgoHomePage_SD.the_user_enters_home_page()&amp#27;[0m
  &amp#27;[32mWhen &amp#27;[0m&amp#27;[32mThe user selects the Getting Started button in Array Panel&amp#27;[0m                  &amp#27;[90m# sd.DSAlgoHomePage_SD.the_user_selects_the_getting_started_button_in_array_panel()&amp#27;[0m
  &amp#27;[32mThen &amp#27;[0m&amp#27;[32mThe user will be get popup to login&amp#27;[0m                                         &amp#27;[90m# sd.DSAlgoHomePage_SD.the_user_will_be_get_popup_to_login()&amp#27;[0m
]]></system-out>
    <system-err><![CDATA[[pool-2-thread-3] INFO io.github.bonigarcia.wdm.WebDriverManager - Using chromedriver 130.0.6723.91 (resolved driver for Chrome 130)
[pool-2-thread-3] INFO io.github.bonigarcia.wdm.WebDriverManager - Exporting webdriver.chrome.driver as C:\Users\pavit\.cache\selenium\chromedriver\win64\130.0.6723.91\chromedriver.exe
Oct 30, 2024 10:15:01 AM org.openqa.selenium.devtools.CdpVersionFinder findNearestMatch
WARNING: Unable to find an exact match for CDP version 130, returning the closest version; found: 129; Please update to a Selenium version that supports CDP version 130
]]></system-err>
  </testcase>
  <testcase name="Home page &amp; Array page validation using dropdown option without login" classname="Home page validation" time="5.202">
    <system-out><![CDATA[
@Home_unsucesslogin
Scenario: Home page & Array page validation using dropdown option without login &amp#27;[90m# src/test/resources/feat/DSAlgoHomePage.feature:106&amp#27;[0m
browser value is: chrome
  &amp#27;[32mGiven &amp#27;[0m&amp#27;[32mThe user enters home page&amp#27;[0m                                               &amp#27;[90m# sd.DSAlgoHomePage_SD.the_user_enters_home_page()&amp#27;[0m
  &amp#27;[32mWhen &amp#27;[0m&amp#27;[32mThe user selects Array option in the dropdown&amp#27;[0m                            &amp#27;[90m# sd.DSAlgoHomePage_SD.the_user_selects_array_option_in_the_dropdown()&amp#27;[0m
  &amp#27;[32mThen &amp#27;[0m&amp#27;[32mThe user will be get popup to login&amp#27;[0m                                      &amp#27;[90m# sd.DSAlgoHomePage_SD.the_user_will_be_get_popup_to_login()&amp#27;[0m
]]></system-out>
    <system-err><![CDATA[[pool-2-thread-3] INFO io.github.bonigarcia.wdm.WebDriverManager - Using chromedriver 130.0.6723.91 (resolved driver for Chrome 130)
[pool-2-thread-3] INFO io.github.bonigarcia.wdm.WebDriverManager - Exporting webdriver.chrome.driver as C:\Users\pavit\.cache\selenium\chromedriver\win64\130.0.6723.91\chromedriver.exe
Oct 30, 2024 10:15:06 AM org.openqa.selenium.devtools.CdpVersionFinder findNearestMatch
WARNING: Unable to find an exact match for CDP version 130, returning the closest version; found: 129; Please update to a Selenium version that supports CDP version 130
]]></system-err>
  </testcase>
  <testcase name="Home page &amp; Linked List page validation using Get Started button without login" classname="Home page validation" time="5.24">
    <system-out><![CDATA[
@Home_unsucesslogin
Scenario: Home page & Linked List page validation using Get Started button without login &amp#27;[90m# src/test/resources/feat/DSAlgoHomePage.feature:112&amp#27;[0m
browser value is: chrome
  &amp#27;[32mGiven &amp#27;[0m&amp#27;[32mThe user enters home page&amp#27;[0m                                                        &amp#27;[90m# sd.DSAlgoHomePage_SD.the_user_enters_home_page()&amp#27;[0m
  &amp#27;[32mWhen &amp#27;[0m&amp#27;[32mThe user selects the Getting Started button in Linked List Panel&amp#27;[0m                  &amp#27;[90m# sd.DSAlgoHomePage_SD.the_user_selects_the_getting_started_button_in_linked_list_panel()&amp#27;[0m
  &amp#27;[32mThen &amp#27;[0m&amp#27;[32mThe user will be get popup to login&amp#27;[0m                                               &amp#27;[90m# sd.DSAlgoHomePage_SD.the_user_will_be_get_popup_to_login()&amp#27;[0m
]]></system-out>
    <system-err><![CDATA[[pool-2-thread-3] INFO io.github.bonigarcia.wdm.WebDriverManager - Using chromedriver 130.0.6723.91 (resolved driver for Chrome 130)
[pool-2-thread-3] INFO io.github.bonigarcia.wdm.WebDriverManager - Exporting webdriver.chrome.driver as C:\Users\pavit\.cache\selenium\chromedriver\win64\130.0.6723.91\chromedriver.exe
Oct 30, 2024 10:15:11 AM org.openqa.selenium.devtools.CdpVersionFinder findNearestMatch
WARNING: Unable to find an exact match for CDP version 130, returning the closest version; found: 129; Please update to a Selenium version that supports CDP version 130
]]></system-err>
  </testcase>
  <testcase name="Home page &amp; Linked List page validation using dropdown option without login" classname="Home page validation" time="5.156">
    <system-out><![CDATA[
@Home_unsucesslogin
Scenario: Home page & Linked List page validation using dropdown option without login &amp#27;[90m# src/test/resources/feat/DSAlgoHomePage.feature:118&amp#27;[0m
browser value is: chrome
  &amp#27;[32mGiven &amp#27;[0m&amp#27;[32mThe user enters home page&amp#27;[0m                                                     &amp#27;[90m# sd.DSAlgoHomePage_SD.the_user_enters_home_page()&amp#27;[0m
  &amp#27;[32mWhen &amp#27;[0m&amp#27;[32mThe user selects Linked List option in the dropdown&amp#27;[0m                            &amp#27;[90m# sd.DSAlgoHomePage_SD.the_user_selects_linked_list_option_in_the_dropdown()&amp#27;[0m
  &amp#27;[32mThen &amp#27;[0m&amp#27;[32mThe user will be get popup to login&amp#27;[0m                                            &amp#27;[90m# sd.DSAlgoHomePage_SD.the_user_will_be_get_popup_to_login()&amp#27;[0m
]]></system-out>
    <system-err><![CDATA[[pool-2-thread-3] INFO io.github.bonigarcia.wdm.WebDriverManager - Using chromedriver 130.0.6723.91 (resolved driver for Chrome 130)
[pool-2-thread-3] INFO io.github.bonigarcia.wdm.WebDriverManager - Exporting webdriver.chrome.driver as C:\Users\pavit\.cache\selenium\chromedriver\win64\130.0.6723.91\chromedriver.exe
Oct 30, 2024 10:15:16 AM org.openqa.selenium.devtools.CdpVersionFinder findNearestMatch
WARNING: Unable to find an exact match for CDP version 130, returning the closest version; found: 129; Please update to a Selenium version that supports CDP version 130
]]></system-err>
  </testcase>
  <testcase name="Home page &amp; Tree page validation using Get Started button without login" classname="Home page validation" time="5.087">
    <system-out><![CDATA[
@Home_unsucesslogin
Scenario: Home page & Tree page validation using Get Started button without login &amp#27;[90m# src/test/resources/feat/DSAlgoHomePage.feature:124&amp#27;[0m
browser value is: chrome
  &amp#27;[32mGiven &amp#27;[0m&amp#27;[32mThe user enters home page&amp#27;[0m                                                 &amp#27;[90m# sd.DSAlgoHomePage_SD.the_user_enters_home_page()&amp#27;[0m
  &amp#27;[32mWhen &amp#27;[0m&amp#27;[32mThe user selects the Getting Started button in Tree Panel&amp#27;[0m                  &amp#27;[90m# sd.DSAlgoHomePage_SD.the_user_selects_the_getting_started_button_in_tree_panel()&amp#27;[0m
  &amp#27;[32mThen &amp#27;[0m&amp#27;[32mThe user will be get popup to login&amp#27;[0m                                        &amp#27;[90m# sd.DSAlgoHomePage_SD.the_user_will_be_get_popup_to_login()&amp#27;[0m
]]></system-out>
    <system-err><![CDATA[[pool-2-thread-3] INFO io.github.bonigarcia.wdm.WebDriverManager - Using chromedriver 130.0.6723.91 (resolved driver for Chrome 130)
[pool-2-thread-3] INFO io.github.bonigarcia.wdm.WebDriverManager - Exporting webdriver.chrome.driver as C:\Users\pavit\.cache\selenium\chromedriver\win64\130.0.6723.91\chromedriver.exe
Oct 30, 2024 10:15:22 AM org.openqa.selenium.devtools.CdpVersionFinder findNearestMatch
WARNING: Unable to find an exact match for CDP version 130, returning the closest version; found: 129; Please update to a Selenium version that supports CDP version 130
]]></system-err>
  </testcase>
  <testcase name="Home page &amp; Tree page validation using dropdown option without login" classname="Home page validation" time="5.401">
    <system-out><![CDATA[
@Home_unsucesslogin
Scenario: Home page & Tree page validation using dropdown option without login &amp#27;[90m# src/test/resources/feat/DSAlgoHomePage.feature:130&amp#27;[0m
browser value is: chrome
  &amp#27;[32mGiven &amp#27;[0m&amp#27;[32mThe user enters home page&amp#27;[0m                                              &amp#27;[90m# sd.DSAlgoHomePage_SD.the_user_enters_home_page()&amp#27;[0m
  &amp#27;[32mWhen &amp#27;[0m&amp#27;[32mThe user selects Tree option in the dropdown&amp#27;[0m                            &amp#27;[90m# sd.DSAlgoHomePage_SD.the_user_selects_tree_option_in_the_dropdown()&amp#27;[0m
  &amp#27;[32mThen &amp#27;[0m&amp#27;[32mThe user will be get popup to login&amp#27;[0m                                     &amp#27;[90m# sd.DSAlgoHomePage_SD.the_user_will_be_get_popup_to_login()&amp#27;[0m
]]></system-out>
    <system-err><![CDATA[[pool-2-thread-3] INFO io.github.bonigarcia.wdm.WebDriverManager - Using chromedriver 130.0.6723.91 (resolved driver for Chrome 130)
[pool-2-thread-3] INFO io.github.bonigarcia.wdm.WebDriverManager - Exporting webdriver.chrome.driver as C:\Users\pavit\.cache\selenium\chromedriver\win64\130.0.6723.91\chromedriver.exe
Oct 30, 2024 10:15:26 AM org.openqa.selenium.devtools.CdpVersionFinder findNearestMatch
WARNING: Unable to find an exact match for CDP version 130, returning the closest version; found: 129; Please update to a Selenium version that supports CDP version 130
]]></system-err>
  </testcase>
  <testcase name="Home page &amp; Stack page validation using Get Started button without login" classname="Home page validation" time="5.144">
    <system-out><![CDATA[
@Home_unsucesslogin
Scenario: Home page & Stack page validation using Get Started button without login &amp#27;[90m# src/test/resources/feat/DSAlgoHomePage.feature:136&amp#27;[0m
browser value is: chrome
  &amp#27;[32mGiven &amp#27;[0m&amp#27;[32mThe user enters home page&amp#27;[0m                                                  &amp#27;[90m# sd.DSAlgoHomePage_SD.the_user_enters_home_page()&amp#27;[0m
  &amp#27;[32mWhen &amp#27;[0m&amp#27;[32mThe user selects the Getting Started button in Stack Panel&amp#27;[0m                  &amp#27;[90m# sd.DSAlgoHomePage_SD.the_user_selects_the_getting_started_button_in_stack_panel()&amp#27;[0m
  &amp#27;[32mThen &amp#27;[0m&amp#27;[32mThe user will be get popup to login&amp#27;[0m                                         &amp#27;[90m# sd.DSAlgoHomePage_SD.the_user_will_be_get_popup_to_login()&amp#27;[0m
]]></system-out>
    <system-err><![CDATA[[pool-2-thread-3] INFO io.github.bonigarcia.wdm.WebDriverManager - Using chromedriver 130.0.6723.91 (resolved driver for Chrome 130)
[pool-2-thread-3] INFO io.github.bonigarcia.wdm.WebDriverManager - Exporting webdriver.chrome.driver as C:\Users\pavit\.cache\selenium\chromedriver\win64\130.0.6723.91\chromedriver.exe
Oct 30, 2024 10:15:32 AM org.openqa.selenium.devtools.CdpVersionFinder findNearestMatch
WARNING: Unable to find an exact match for CDP version 130, returning the closest version; found: 129; Please update to a Selenium version that supports CDP version 130
]]></system-err>
  </testcase>
  <testcase name="Home page &amp; Stack page validation using dropdown option without login" classname="Home page validation" time="5.008">
    <system-out><![CDATA[
@Home_unsucesslogin
Scenario: Home page & Stack page validation using dropdown option without login &amp#27;[90m# src/test/resources/feat/DSAlgoHomePage.feature:142&amp#27;[0m
browser value is: chrome
  &amp#27;[32mGiven &amp#27;[0m&amp#27;[32mThe user enters home page&amp#27;[0m                                               &amp#27;[90m# sd.DSAlgoHomePage_SD.the_user_enters_home_page()&amp#27;[0m
  &amp#27;[32mWhen &amp#27;[0m&amp#27;[32mThe user selects Stack option in the dropdown&amp#27;[0m                            &amp#27;[90m# sd.DSAlgoHomePage_SD.the_user_selects_stack_option_in_the_dropdown()&amp#27;[0m
  &amp#27;[32mThen &amp#27;[0m&amp#27;[32mThe user will be get popup to login&amp#27;[0m                                      &amp#27;[90m# sd.DSAlgoHomePage_SD.the_user_will_be_get_popup_to_login()&amp#27;[0m
]]></system-out>
    <system-err><![CDATA[[pool-2-thread-3] INFO io.github.bonigarcia.wdm.WebDriverManager - Using chromedriver 130.0.6723.91 (resolved driver for Chrome 130)
[pool-2-thread-3] INFO io.github.bonigarcia.wdm.WebDriverManager - Exporting webdriver.chrome.driver as C:\Users\pavit\.cache\selenium\chromedriver\win64\130.0.6723.91\chromedriver.exe
Oct 30, 2024 10:15:37 AM org.openqa.selenium.devtools.CdpVersionFinder findNearestMatch
WARNING: Unable to find an exact match for CDP version 130, returning the closest version; found: 129; Please update to a Selenium version that supports CDP version 130
]]></system-err>
  </testcase>
  <testcase name="Home page &amp; Graph page validation using Get Started button without login" classname="Home page validation" time="4.988">
    <system-out><![CDATA[
@Home_unsucesslogin
Scenario: Home page & Graph page validation using Get Started button without login &amp#27;[90m# src/test/resources/feat/DSAlgoHomePage.feature:148&amp#27;[0m
browser value is: chrome
  &amp#27;[32mGiven &amp#27;[0m&amp#27;[32mThe user enters home page&amp#27;[0m                                                  &amp#27;[90m# sd.DSAlgoHomePage_SD.the_user_enters_home_page()&amp#27;[0m
  &amp#27;[32mWhen &amp#27;[0m&amp#27;[32mThe user selects the Getting Started button in Graph Panel&amp#27;[0m                  &amp#27;[90m# sd.DSAlgoHomePage_SD.the_user_selects_the_getting_started_button_in_graph_panel()&amp#27;[0m
  &amp#27;[32mThen &amp#27;[0m&amp#27;[32mThe user will be get popup to login&amp#27;[0m                                         &amp#27;[90m# sd.DSAlgoHomePage_SD.the_user_will_be_get_popup_to_login()&amp#27;[0m
]]></system-out>
    <system-err><![CDATA[[pool-2-thread-3] INFO io.github.bonigarcia.wdm.WebDriverManager - Using chromedriver 130.0.6723.91 (resolved driver for Chrome 130)
[pool-2-thread-3] INFO io.github.bonigarcia.wdm.WebDriverManager - Exporting webdriver.chrome.driver as C:\Users\pavit\.cache\selenium\chromedriver\win64\130.0.6723.91\chromedriver.exe
Oct 30, 2024 10:15:42 AM org.openqa.selenium.devtools.CdpVersionFinder findNearestMatch
WARNING: Unable to find an exact match for CDP version 130, returning the closest version; found: 129; Please update to a Selenium version that supports CDP version 130
]]></system-err>
  </testcase>
  <testcase name="Home page &amp; Graph validation using dropdown option without login" classname="Home page validation" time="4.53">
    <system-out><![CDATA[
@Home_unsucesslogin
Scenario: Home page & Graph validation using dropdown option without login &amp#27;[90m# src/test/resources/feat/DSAlgoHomePage.feature:154&amp#27;[0m
browser value is: chrome
  &amp#27;[32mGiven &amp#27;[0m&amp#27;[32mThe user enters home page&amp#27;[0m                                          &amp#27;[90m# sd.DSAlgoHomePage_SD.the_user_enters_home_page()&amp#27;[0m
  &amp#27;[32mWhen &amp#27;[0m&amp#27;[32mThe user selects Graph option in the dropdown&amp#27;[0m                       &amp#27;[90m# sd.DSAlgoHomePage_SD.the_user_selects_graph_option_in_the_dropdown()&amp#27;[0m
  &amp#27;[32mThen &amp#27;[0m&amp#27;[32mThe user will be get popup to login&amp#27;[0m                                 &amp#27;[90m# sd.DSAlgoHomePage_SD.the_user_will_be_get_popup_to_login()&amp#27;[0m
]]></system-out>
    <system-err><![CDATA[[pool-2-thread-3] INFO io.github.bonigarcia.wdm.WebDriverManager - Using chromedriver 130.0.6723.91 (resolved driver for Chrome 130)
[pool-2-thread-3] INFO io.github.bonigarcia.wdm.WebDriverManager - Exporting webdriver.chrome.driver as C:\Users\pavit\.cache\selenium\chromedriver\win64\130.0.6723.91\chromedriver.exe
Oct 30, 2024 10:15:47 AM org.openqa.selenium.devtools.CdpVersionFinder findNearestMatch
WARNING: Unable to find an exact match for CDP version 130, returning the closest version; found: 129; Please update to a Selenium version that supports CDP version 130
]]></system-err>
  </testcase>
  <testcase name="Home page Data structure drop down validation with login" classname="Home page validation" time="7.945">
    <system-out><![CDATA[
@Home_sucesslogin
Scenario: Home page Data structure drop down validation with login &amp#27;[90m# src/test/resources/feat/DSAlgoHomePage.feature:160&amp#27;[0m
browser value is: chrome
  &amp#27;[32mGiven &amp#27;[0m&amp#27;[32mThe user enters home page&amp#27;[0m                                  &amp#27;[90m# sd.DSAlgoHomePage_SD.the_user_enters_home_page()&amp#27;[0m
  &amp#27;[32mWhen &amp#27;[0m&amp#27;[32mThe user clicks Data structure drop down at top&amp#27;[0m             &amp#27;[90m# sd.DSAlgoHomePage_SD.the_user_clicks_data_structure_drop_down_at_top()&amp#27;[0m
  &amp#27;[32mThen &amp#27;[0m&amp#27;[32mThe user will get six options&amp#27;[0m                               &amp#27;[90m# sd.DSAlgoHomePage_SD.the_user_will_get_six_options()&amp#27;[0m
]]></system-out>
    <system-err><![CDATA[[pool-2-thread-3] INFO io.github.bonigarcia.wdm.WebDriverManager - Using chromedriver 130.0.6723.91 (resolved driver for Chrome 130)
[pool-2-thread-3] INFO io.github.bonigarcia.wdm.WebDriverManager - Exporting webdriver.chrome.driver as C:\Users\pavit\.cache\selenium\chromedriver\win64\130.0.6723.91\chromedriver.exe
Oct 30, 2024 10:15:52 AM org.openqa.selenium.devtools.CdpVersionFinder findNearestMatch
WARNING: Unable to find an exact match for CDP version 130, returning the closest version; found: 129; Please update to a Selenium version that supports CDP version 130
]]></system-err>
  </testcase>
  <testcase name="Home page Data structure drop down validation without login" classname="Home page validation" time="5.074">
    <system-out><![CDATA[
@Home_unsucesslogin
Scenario: Home page Data structure drop down validation without login &amp#27;[90m# src/test/resources/feat/DSAlgoHomePage.feature:166&amp#27;[0m
browser value is: chrome
  &amp#27;[32mGiven &amp#27;[0m&amp#27;[32mThe user enters home page&amp#27;[0m                                     &amp#27;[90m# sd.DSAlgoHomePage_SD.the_user_enters_home_page()&amp#27;[0m
  &amp#27;[32mWhen &amp#27;[0m&amp#27;[32mThe user clicks Data structure drop down at top&amp#27;[0m                &amp#27;[90m# sd.DSAlgoHomePage_SD.the_user_clicks_data_structure_drop_down_at_top()&amp#27;[0m
  &amp#27;[32mThen &amp#27;[0m&amp#27;[32mThe user will get six options&amp#27;[0m                                  &amp#27;[90m# sd.DSAlgoHomePage_SD.the_user_will_get_six_options()&amp#27;[0m
]]></system-out>
    <system-err><![CDATA[[pool-2-thread-3] INFO io.github.bonigarcia.wdm.WebDriverManager - Using chromedriver 130.0.6723.91 (resolved driver for Chrome 130)
[pool-2-thread-3] INFO io.github.bonigarcia.wdm.WebDriverManager - Exporting webdriver.chrome.driver as C:\Users\pavit\.cache\selenium\chromedriver\win64\130.0.6723.91\chromedriver.exe
Oct 30, 2024 10:15:59 AM org.openqa.selenium.devtools.CdpVersionFinder findNearestMatch
WARNING: Unable to find an exact match for CDP version 130, returning the closest version; found: 129; Please update to a Selenium version that supports CDP version 130
]]></system-err>
  </testcase>
  <testcase name="Home page Sign in link validation" classname="Home page validation" time="6.568">
    <system-out><![CDATA[
@Home_unsucesslogin
Scenario: Home page Sign in link validation    &amp#27;[90m# src/test/resources/feat/DSAlgoHomePage.feature:172&amp#27;[0m
browser value is: chrome
  &amp#27;[32mGiven &amp#27;[0m&amp#27;[32mThe user enters home page&amp#27;[0m              &amp#27;[90m# sd.DSAlgoHomePage_SD.the_user_enters_home_page()&amp#27;[0m
  &amp#27;[32mWhen &amp#27;[0m&amp#27;[32mThe user clicks Sign in link&amp#27;[0m            &amp#27;[90m# sd.DSAlgoHomePage_SD.the_user_clicks_sign_in_link()&amp#27;[0m
  &amp#27;[32mThen &amp#27;[0m&amp#27;[32mThe user will be directed to login page&amp#27;[0m &amp#27;[90m# sd.DSAlgoHomePage_SD.the_user_will_be_directed_to_login_page()&amp#27;[0m
]]></system-out>
    <system-err><![CDATA[[pool-2-thread-3] INFO io.github.bonigarcia.wdm.WebDriverManager - Using chromedriver 130.0.6723.91 (resolved driver for Chrome 130)
[pool-2-thread-3] INFO io.github.bonigarcia.wdm.WebDriverManager - Exporting webdriver.chrome.driver as C:\Users\pavit\.cache\selenium\chromedriver\win64\130.0.6723.91\chromedriver.exe
Oct 30, 2024 10:16:06 AM org.openqa.selenium.devtools.CdpVersionFinder findNearestMatch
WARNING: Unable to find an exact match for CDP version 130, returning the closest version; found: 129; Please update to a Selenium version that supports CDP version 130
]]></system-err>
  </testcase>
  <testcase name="Home page Register link validation" classname="Home page validation" time="4.357">
    <system-out><![CDATA[
@Home_unsucesslogin
Scenario: Home page Register link validation      &amp#27;[90m# src/test/resources/feat/DSAlgoHomePage.feature:178&amp#27;[0m
browser value is: chrome
  &amp#27;[32mGiven &amp#27;[0m&amp#27;[32mThe user enters home page&amp#27;[0m                 &amp#27;[90m# sd.DSAlgoHomePage_SD.the_user_enters_home_page()&amp#27;[0m
  &amp#27;[32mWhen &amp#27;[0m&amp#27;[32mThe user clicks Register in link&amp#27;[0m           &amp#27;[90m# sd.DSAlgoHomePage_SD.the_user_clicks_register_in_link()&amp#27;[0m
  &amp#27;[32mThen &amp#27;[0m&amp#27;[32mThe user will be directed to register page&amp#27;[0m &amp#27;[90m# sd.DSAlgoHomePage_SD.the_user_will_be_directed_to_register_page()&amp#27;[0m
]]></system-out>
    <system-err><![CDATA[[pool-2-thread-3] INFO io.github.bonigarcia.wdm.WebDriverManager - Using chromedriver 130.0.6723.91 (resolved driver for Chrome 130)
[pool-2-thread-3] INFO io.github.bonigarcia.wdm.WebDriverManager - Exporting webdriver.chrome.driver as C:\Users\pavit\.cache\selenium\chromedriver\win64\130.0.6723.91\chromedriver.exe
Oct 30, 2024 10:16:11 AM org.openqa.selenium.devtools.CdpVersionFinder findNearestMatch
WARNING: Unable to find an exact match for CDP version 130, returning the closest version; found: 129; Please update to a Selenium version that supports CDP version 130
]]></system-err>
  </testcase>
  <testcase name="Home page Sign out link validation" classname="Home page validation" time="5.085">
    <system-out><![CDATA[
@Home_sucesslogin
Scenario: Home page Sign out link validation &amp#27;[90m# src/test/resources/feat/DSAlgoHomePage.feature:184&amp#27;[0m
browser value is: chrome
  &amp#27;[32mGiven &amp#27;[0m&amp#27;[32mThe user enters home page&amp#27;[0m            &amp#27;[90m# sd.DSAlgoHomePage_SD.the_user_enters_home_page()&amp#27;[0m
  &amp#27;[32mWhen &amp#27;[0m&amp#27;[32mThe user clicks Sign out link&amp#27;[0m         &amp#27;[90m# sd.DSAlgoHomePage_SD.the_user_clicks_sign_out_link()&amp#27;[0m
  &amp#27;[32mThen &amp#27;[0m&amp#27;[32mThe user will be get popup logged out&amp#27;[0m &amp#27;[90m# sd.DSAlgoHomePage_SD.the_user_will_be_get_popup_logged_out()&amp#27;[0m
]]></system-out>
    <system-err><![CDATA[[pool-2-thread-3] INFO io.github.bonigarcia.wdm.WebDriverManager - Using chromedriver 130.0.6723.91 (resolved driver for Chrome 130)
[pool-2-thread-3] INFO io.github.bonigarcia.wdm.WebDriverManager - Exporting webdriver.chrome.driver as C:\Users\pavit\.cache\selenium\chromedriver\win64\130.0.6723.91\chromedriver.exe
Oct 30, 2024 10:16:15 AM org.openqa.selenium.devtools.CdpVersionFinder findNearestMatch
WARNING: Unable to find an exact match for CDP version 130, returning the closest version; found: 129; Please update to a Selenium version that supports CDP version 130
]]></system-err>
  </testcase>
</testsuite>